19:38:31 **** Incremental Build of configuration Nios II for project usb_kb_new_bsp ****
make all 
[BSP build complete]
19:39:44 **** Incremental Build of configuration Nios II for project usb_kb_new ****
make all 
Info: Building ../usb_kb_new_bsp/
C:/intelFPGA_lite/18.0/nios2eds/bin/gnu/H-x86_64-mingw32/bin/make --no-print-directory -C ../usb_kb_new_bsp/
[BSP build complete]
[usb_kb_new build complete]
19:39:45 **** Incremental Build of configuration Nios II for project usb_kb_new_bsp ****
make all 
[BSP build complete]
19:39:58 **** Incremental Build of configuration Nios II for project usb_kb_new ****
make all 
Info: Building ../usb_kb_new_bsp/
C:/intelFPGA_lite/18.0/nios2eds/bin/gnu/H-x86_64-mingw32/bin/make --no-print-directory -C ../usb_kb_new_bsp/
[BSP build complete]
[usb_kb_new build complete]
19:44:17 **** Incremental Build of configuration Nios II for project usb_kb_new ****
make all 
Info: Building ../usb_kb_new_bsp/
C:/intelFPGA_lite/18.0/nios2eds/bin/gnu/H-x86_64-mingw32/bin/make --no-print-directory -C ../usb_kb_new_bsp/
[BSP build complete]
Info: Compiling main.c to obj/default/main.o
nios2-elf-gcc -xc -MP -MMD -c -I../usb_kb_new_bsp//HAL/inc -I../usb_kb_new_bsp/ -I../usb_kb_new_bsp//drivers/inc  -pipe -D__hal__ -DALT_NO_INSTRUCTION_EMULATION -DALT_SINGLE_THREADED    -O0 -g -Wall   -mno-hw-div -mno-hw-mul -mno-hw-mulx -mgpopt=global  -o obj/default/main.o main.c
Info: Linking usb_kb_new.elf
nios2-elf-g++  -T'../usb_kb_new_bsp//linker.x' -msys-crt0='../usb_kb_new_bsp//obj/HAL/src/crt0.o' -msys-lib=hal_bsp -L../usb_kb_new_bsp/   -Wl,-Map=usb_kb_new.map   -O0 -g -Wall   -mno-hw-div -mno-hw-mul -mno-hw-mulx -mgpopt=global  -o usb_kb_new.elf obj/default/io_handler.o obj/default/main.o obj/default/usb.o -lm -msys-lib=m
nios2-elf-insert usb_kb_new.elf --thread_model hal --cpu_name nios2_qsys_0 --qsys true --simulation_enabled false --id 0 --sidp 0xc8 --timestamp 1712821807 --stderr_dev jtag_uart_0 --stdin_dev jtag_uart_0 --stdout_dev jtag_uart_0 --sopc_system_name nios_system --quartus_project_dir "C:/Users/emmal/Desktop/ECE385/lab8" --jdi C:/Users/emmal/Desktop/ECE385/lab8/software/usb_kb_new_bsp/../../lab8.jdi --sopcinfo C:/Users/emmal/Desktop/ECE385/lab8/software/usb_kb_new_bsp/../../nios_system.sopcinfo
Info: (usb_kb_new.elf) 80 KBytes program size (code + initialized data).
Info:                  130985 KBytes free for stack + heap.
Info: Creating usb_kb_new.objdump
nios2-elf-objdump --disassemble --syms --all-header --source usb_kb_new.elf >usb_kb_new.objdump
[usb_kb_new build complete]
19:44:19 **** Incremental Build of configuration Nios II for project usb_kb_new_bsp ****
make all 
[BSP build complete]
19:44:43 **** Incremental Build of configuration Nios II for project usb_kb_new ****
make all 
Info: Building ../usb_kb_new_bsp/
C:/intelFPGA_lite/18.0/nios2eds/bin/gnu/H-x86_64-mingw32/bin/make --no-print-directory -C ../usb_kb_new_bsp/
[BSP build complete]
[usb_kb_new build complete]
21:14:13 **** Incremental Build of configuration Nios II for project usb_kb_new ****
make all 
Info: Building ../usb_kb_new_bsp/
C:/intelFPGA_lite/18.0/nios2eds/bin/gnu/H-x86_64-mingw32/bin/make --no-print-directory -C ../usb_kb_new_bsp/
[BSP build complete]
[usb_kb_new build complete]
21:14:15 **** Incremental Build of configuration Nios II for project usb_kb_new_bsp ****
make all 
[BSP build complete]
21:15:09 **** Incremental Build of configuration Nios II for project usb_kb_new ****
make all 
Info: Building ../usb_kb_new_bsp/
C:/intelFPGA_lite/18.0/nios2eds/bin/gnu/H-x86_64-mingw32/bin/make --no-print-directory -C ../usb_kb_new_bsp/
[BSP build complete]
[usb_kb_new build complete]
21:18:45 **** Incremental Build of configuration Nios II for project usb_kb_new ****
make all 
Info: Building ../usb_kb_new_bsp/
C:/intelFPGA_lite/18.0/nios2eds/bin/gnu/H-x86_64-mingw32/bin/make --no-print-directory -C ../usb_kb_new_bsp/
[BSP build complete]
Info: Compiling main.c to obj/default/main.o
nios2-elf-gcc -xc -MP -MMD -c -I../usb_kb_new_bsp//HAL/inc -I../usb_kb_new_bsp/ -I../usb_kb_new_bsp//drivers/inc  -pipe -D__hal__ -DALT_NO_INSTRUCTION_EMULATION -DALT_SINGLE_THREADED    -O0 -g -Wall   -mno-hw-div -mno-hw-mul -mno-hw-mulx -mgpopt=global  -o obj/default/main.o main.c
Info: Linking usb_kb_new.elf
nios2-elf-g++  -T'../usb_kb_new_bsp//linker.x' -msys-crt0='../usb_kb_new_bsp//obj/HAL/src/crt0.o' -msys-lib=hal_bsp -L../usb_kb_new_bsp/   -Wl,-Map=usb_kb_new.map   -O0 -g -Wall   -mno-hw-div -mno-hw-mul -mno-hw-mulx -mgpopt=global  -o usb_kb_new.elf obj/default/io_handler.o obj/default/main.o obj/default/usb.o -lm -msys-lib=m
nios2-elf-insert usb_kb_new.elf --thread_model hal --cpu_name nios2_qsys_0 --qsys true --simulation_enabled false --id 0 --sidp 0xc8 --timestamp 1712821807 --stderr_dev jtag_uart_0 --stdin_dev jtag_uart_0 --stdout_dev jtag_uart_0 --sopc_system_name nios_system --quartus_project_dir "C:/Users/emmal/Desktop/ECE385/lab8" --jdi C:/Users/emmal/Desktop/ECE385/lab8/software/usb_kb_new_bsp/../../lab8.jdi --sopcinfo C:/Users/emmal/Desktop/ECE385/lab8/software/usb_kb_new_bsp/../../nios_system.sopcinfo
Info: (usb_kb_new.elf) 80 KBytes program size (code + initialized data).
Info:                  130984 KBytes free for stack + heap.
Info: Creating usb_kb_new.objdump
nios2-elf-objdump --disassemble --syms --all-header --source usb_kb_new.elf >usb_kb_new.objdump
[usb_kb_new build complete]
21:18:48 **** Incremental Build of configuration Nios II for project usb_kb_new_bsp ****
make all 
[BSP build complete]
21:19:24 **** Incremental Build of configuration Nios II for project usb_kb_new ****
make all 
Info: Building ../usb_kb_new_bsp/
C:/intelFPGA_lite/18.0/nios2eds/bin/gnu/H-x86_64-mingw32/bin/make --no-print-directory -C ../usb_kb_new_bsp/
[BSP build complete]
[usb_kb_new build complete]
