14:48:01 **** Incremental Build of configuration Nios II for project usb_kb_2 ****
make all 
Info: Building ../usb_kb_2_bsp/
C:/intelFPGA_lite/18.0/nios2eds/bin/gnu/H-x86_64-mingw32/bin/make --no-print-directory -C ../usb_kb_2_bsp/
[BSP build complete]
[usb_kb_2 build complete]

14:48:01 Build Finished (took 923ms)

14:48:07 **** Incremental Build of configuration Nios II for project usb_kb_2 ****
make all 
Info: Building ../usb_kb_2_bsp/
C:/intelFPGA_lite/18.0/nios2eds/bin/gnu/H-x86_64-mingw32/bin/make --no-print-directory -C ../usb_kb_2_bsp/
[BSP build complete]
[usb_kb_2 build complete]
15:04:10 **** Incremental Build of configuration Nios II for project usb_kb_2 ****
make all 
Info: Building ../usb_kb_2_bsp/
C:/intelFPGA_lite/18.0/nios2eds/bin/gnu/H-x86_64-mingw32/bin/make --no-print-directory -C ../usb_kb_2_bsp/
[BSP build complete]
[usb_kb_2 build complete]
15:04:11 **** Incremental Build of configuration Nios II for project usb_kb_2_bsp ****
make all 
[BSP build complete]
15:04:18 **** Incremental Build of configuration Nios II for project usb_kb_2 ****
make all 
Info: Building ../usb_kb_2_bsp/
C:/intelFPGA_lite/18.0/nios2eds/bin/gnu/H-x86_64-mingw32/bin/make --no-print-directory -C ../usb_kb_2_bsp/
[BSP build complete]
[usb_kb_2 build complete]
18:16:30 **** Incremental Build of configuration Nios II for project usb_kb_2 ****
make all 
Info: Building ../usb_kb_2_bsp/
C:/intelFPGA_lite/18.0/nios2eds/bin/gnu/H-x86_64-mingw32/bin/make --no-print-directory -C ../usb_kb_2_bsp/
[BSP build complete]
[usb_kb_2 build complete]
18:16:32 **** Incremental Build of configuration Nios II for project usb_kb_2_bsp ****
make all 
[BSP build complete]
18:16:38 **** Incremental Build of configuration Nios II for project usb_kb_2 ****
make all 
Info: Building ../usb_kb_2_bsp/
C:/intelFPGA_lite/18.0/nios2eds/bin/gnu/H-x86_64-mingw32/bin/make --no-print-directory -C ../usb_kb_2_bsp/
[BSP build complete]
[usb_kb_2 build complete]
