!SESSION 2024-04-17 15:48:56.235 -----------------------------------------------
eclipse.buildId=4.5.2.M20160212-1500
java.version=1.8.0_05
java.vendor=Oracle Corporation
BootLoader constants: OS=win32, ARCH=x86_64, WS=win32, NL=zh_CN
Framework arguments:  -product org.eclipse.epp.package.cpp.product -pluginCustomization C:/intelfpga_lite/18.0/nios2eds/bin/eclipse_nios2/plugin_customization.ini
Command-line arguments:  -os win32 -ws win32 -arch x86_64 -product org.eclipse.epp.package.cpp.product -pluginCustomization C:/intelfpga_lite/18.0/nios2eds/bin/eclipse_nios2/plugin_customization.ini

!ENTRY org.eclipse.epp.logging.aeri.ide 2 16 2024-04-17 15:49:29.468
!MESSAGE Server ‘org.eclipse.epp.logging.aeri.ide.server’ failed with exception: java.lang.IllegalStateException: Expected BEGIN_OBJECT but was STRING at line 1 column 1. ; version: 1.100.0.v20160217-0435
!STACK 0
com.google.gson.JsonSyntaxException: java.lang.IllegalStateException: Expected BEGIN_OBJECT but was STRING at line 1 column 1
	at com.google.gson.internal.bind.ReflectiveTypeAdapterFactory$Adapter.read(ReflectiveTypeAdapterFactory.java:176)
	at com.google.gson.Gson.fromJson(Gson.java:803)
	at com.google.gson.Gson.fromJson(Gson.java:768)
	at com.google.gson.Gson.fromJson(Gson.java:717)
	at org.eclipse.epp.internal.logging.aeri.ide.server.json.Json.deserialize(Json.java:88)
	at org.eclipse.epp.internal.logging.aeri.ide.server.mars.IO.refreshConfiguration(IO.java:70)
	at org.eclipse.epp.internal.logging.aeri.ide.server.mars.ServerConnection.startUp(ServerConnection.java:101)
	at com.google.common.util.concurrent.AbstractIdleService$2$1.run(AbstractIdleService.java:54)
	at com.google.common.util.concurrent.Callables$3.run(Callables.java:93)
	at java.lang.Thread.run(Unknown Source)
Caused by: java.lang.IllegalStateException: Expected BEGIN_OBJECT but was STRING at line 1 column 1
	at com.google.gson.stream.JsonReader.beginObject(JsonReader.java:374)
	at com.google.gson.internal.bind.ReflectiveTypeAdapterFactory$Adapter.read(ReflectiveTypeAdapterFactory.java:165)
	... 9 more
!SESSION 2024-04-17 15:50:10.227 -----------------------------------------------
eclipse.buildId=4.5.2.M20160212-1500
java.version=1.8.0_05
java.vendor=Oracle Corporation
BootLoader constants: OS=win32, ARCH=x86_64, WS=win32, NL=zh_CN
Framework arguments:  -product org.eclipse.epp.package.cpp.product -pluginCustomization C:/intelfpga_lite/18.0/nios2eds/bin/eclipse_nios2/plugin_customization.ini
Command-line arguments:  -os win32 -ws win32 -arch x86_64 -product org.eclipse.epp.package.cpp.product -pluginCustomization C:/intelfpga_lite/18.0/nios2eds/bin/eclipse_nios2/plugin_customization.ini

!ENTRY org.eclipse.epp.logging.aeri.ide 2 16 2024-04-17 15:50:30.733
!MESSAGE Server ‘org.eclipse.epp.logging.aeri.ide.server’ failed with exception: java.lang.IllegalStateException: Expected BEGIN_OBJECT but was STRING at line 1 column 1. ; version: 1.100.0.v20160217-0435
!STACK 0
com.google.gson.JsonSyntaxException: java.lang.IllegalStateException: Expected BEGIN_OBJECT but was STRING at line 1 column 1
	at com.google.gson.internal.bind.ReflectiveTypeAdapterFactory$Adapter.read(ReflectiveTypeAdapterFactory.java:176)
	at com.google.gson.Gson.fromJson(Gson.java:803)
	at com.google.gson.Gson.fromJson(Gson.java:768)
	at com.google.gson.Gson.fromJson(Gson.java:717)
	at org.eclipse.epp.internal.logging.aeri.ide.server.json.Json.deserialize(Json.java:88)
	at org.eclipse.epp.internal.logging.aeri.ide.server.mars.IO.refreshConfiguration(IO.java:70)
	at org.eclipse.epp.internal.logging.aeri.ide.server.mars.ServerConnection.startUp(ServerConnection.java:101)
	at com.google.common.util.concurrent.AbstractIdleService$2$1.run(AbstractIdleService.java:54)
	at com.google.common.util.concurrent.Callables$3.run(Callables.java:93)
	at java.lang.Thread.run(Unknown Source)
Caused by: java.lang.IllegalStateException: Expected BEGIN_OBJECT but was STRING at line 1 column 1
	at com.google.gson.stream.JsonReader.beginObject(JsonReader.java:374)
	at com.google.gson.internal.bind.ReflectiveTypeAdapterFactory$Adapter.read(ReflectiveTypeAdapterFactory.java:165)
	... 9 more

!ENTRY org.eclipse.cdt.core 1 0 2024-04-17 15:54:02.754
!MESSAGE Indexed 'lab9_app_bsp' (80 sources, 132 headers) in 2 sec: 3,952 declarations; 6,665 references; 79 unresolved inclusions; 6 syntax errors; 160 unresolved names (1.5%)

!ENTRY org.eclipse.cdt.core 1 0 2024-04-17 15:54:03.904
!MESSAGE Indexed 'lab9_app' (0 sources, 0 headers) in 0 sec: 0 declarations; 0 references; 0 unresolved inclusions; 0 syntax errors; 0 unresolved names (0%)
!SESSION 2024-04-17 17:14:08.899 -----------------------------------------------
eclipse.buildId=4.5.2.M20160212-1500
java.version=1.8.0_05
java.vendor=Oracle Corporation
BootLoader constants: OS=win32, ARCH=x86_64, WS=win32, NL=zh_CN
Framework arguments:  -product org.eclipse.epp.package.cpp.product -pluginCustomization C:/intelfpga_lite/18.0/nios2eds/bin/eclipse_nios2/plugin_customization.ini
Command-line arguments:  -os win32 -ws win32 -arch x86_64 -product org.eclipse.epp.package.cpp.product -pluginCustomization C:/intelfpga_lite/18.0/nios2eds/bin/eclipse_nios2/plugin_customization.ini

!ENTRY org.eclipse.epp.logging.aeri.ide 2 16 2024-04-17 17:15:09.645
!MESSAGE Server ‘org.eclipse.epp.logging.aeri.ide.server’ failed with exception: java.lang.IllegalStateException: Expected BEGIN_OBJECT but was STRING at line 1 column 1. ; version: 1.100.0.v20160217-0435
!STACK 0
com.google.gson.JsonSyntaxException: java.lang.IllegalStateException: Expected BEGIN_OBJECT but was STRING at line 1 column 1
	at com.google.gson.internal.bind.ReflectiveTypeAdapterFactory$Adapter.read(ReflectiveTypeAdapterFactory.java:176)
	at com.google.gson.Gson.fromJson(Gson.java:803)
	at com.google.gson.Gson.fromJson(Gson.java:768)
	at com.google.gson.Gson.fromJson(Gson.java:717)
	at org.eclipse.epp.internal.logging.aeri.ide.server.json.Json.deserialize(Json.java:88)
	at org.eclipse.epp.internal.logging.aeri.ide.server.mars.IO.refreshConfiguration(IO.java:70)
	at org.eclipse.epp.internal.logging.aeri.ide.server.mars.ServerConnection.startUp(ServerConnection.java:101)
	at com.google.common.util.concurrent.AbstractIdleService$2$1.run(AbstractIdleService.java:54)
	at com.google.common.util.concurrent.Callables$3.run(Callables.java:93)
	at java.lang.Thread.run(Unknown Source)
Caused by: java.lang.IllegalStateException: Expected BEGIN_OBJECT but was STRING at line 1 column 1
	at com.google.gson.stream.JsonReader.beginObject(JsonReader.java:374)
	at com.google.gson.internal.bind.ReflectiveTypeAdapterFactory$Adapter.read(ReflectiveTypeAdapterFactory.java:165)
	... 9 more
!SESSION 2024-04-17 17:16:24.701 -----------------------------------------------
eclipse.buildId=4.5.2.M20160212-1500
java.version=1.8.0_05
java.vendor=Oracle Corporation
BootLoader constants: OS=win32, ARCH=x86_64, WS=win32, NL=zh_CN
Framework arguments:  -product org.eclipse.epp.package.cpp.product -pluginCustomization C:/intelfpga_lite/18.0/nios2eds/bin/eclipse_nios2/plugin_customization.ini
Command-line arguments:  -os win32 -ws win32 -arch x86_64 -product org.eclipse.epp.package.cpp.product -pluginCustomization C:/intelfpga_lite/18.0/nios2eds/bin/eclipse_nios2/plugin_customization.ini

!ENTRY org.eclipse.epp.logging.aeri.ide 2 16 2024-04-17 17:16:38.333
!MESSAGE Server ‘org.eclipse.epp.logging.aeri.ide.server’ failed with exception: java.lang.IllegalStateException: Expected BEGIN_OBJECT but was STRING at line 1 column 1. ; version: 1.100.0.v20160217-0435
!STACK 0
com.google.gson.JsonSyntaxException: java.lang.IllegalStateException: Expected BEGIN_OBJECT but was STRING at line 1 column 1
	at com.google.gson.internal.bind.ReflectiveTypeAdapterFactory$Adapter.read(ReflectiveTypeAdapterFactory.java:176)
	at com.google.gson.Gson.fromJson(Gson.java:803)
	at com.google.gson.Gson.fromJson(Gson.java:768)
	at com.google.gson.Gson.fromJson(Gson.java:717)
	at org.eclipse.epp.internal.logging.aeri.ide.server.json.Json.deserialize(Json.java:88)
	at org.eclipse.epp.internal.logging.aeri.ide.server.mars.IO.refreshConfiguration(IO.java:70)
	at org.eclipse.epp.internal.logging.aeri.ide.server.mars.ServerConnection.startUp(ServerConnection.java:101)
	at com.google.common.util.concurrent.AbstractIdleService$2$1.run(AbstractIdleService.java:54)
	at com.google.common.util.concurrent.Callables$3.run(Callables.java:93)
	at java.lang.Thread.run(Unknown Source)
Caused by: java.lang.IllegalStateException: Expected BEGIN_OBJECT but was STRING at line 1 column 1
	at com.google.gson.stream.JsonReader.beginObject(JsonReader.java:374)
	at com.google.gson.internal.bind.ReflectiveTypeAdapterFactory$Adapter.read(ReflectiveTypeAdapterFactory.java:165)
	... 9 more
!SESSION 2024-04-18 10:36:35.766 -----------------------------------------------
eclipse.buildId=4.5.2.M20160212-1500
java.version=1.8.0_05
java.vendor=Oracle Corporation
BootLoader constants: OS=win32, ARCH=x86_64, WS=win32, NL=zh_CN
Framework arguments:  -product org.eclipse.epp.package.cpp.product -pluginCustomization C:/intelfpga_lite/18.0/nios2eds/bin/eclipse_nios2/plugin_customization.ini
Command-line arguments:  -os win32 -ws win32 -arch x86_64 -product org.eclipse.epp.package.cpp.product -pluginCustomization C:/intelfpga_lite/18.0/nios2eds/bin/eclipse_nios2/plugin_customization.ini

!ENTRY org.eclipse.epp.logging.aeri.ide 2 16 2024-04-18 10:36:56.625
!MESSAGE Server ‘org.eclipse.epp.logging.aeri.ide.server’ failed with exception: java.lang.IllegalStateException: Expected BEGIN_OBJECT but was STRING at line 1 column 1. ; version: 1.100.0.v20160217-0435
!STACK 0
com.google.gson.JsonSyntaxException: java.lang.IllegalStateException: Expected BEGIN_OBJECT but was STRING at line 1 column 1
	at com.google.gson.internal.bind.ReflectiveTypeAdapterFactory$Adapter.read(ReflectiveTypeAdapterFactory.java:176)
	at com.google.gson.Gson.fromJson(Gson.java:803)
	at com.google.gson.Gson.fromJson(Gson.java:768)
	at com.google.gson.Gson.fromJson(Gson.java:717)
	at org.eclipse.epp.internal.logging.aeri.ide.server.json.Json.deserialize(Json.java:88)
	at org.eclipse.epp.internal.logging.aeri.ide.server.mars.IO.refreshConfiguration(IO.java:70)
	at org.eclipse.epp.internal.logging.aeri.ide.server.mars.ServerConnection.startUp(ServerConnection.java:101)
	at com.google.common.util.concurrent.AbstractIdleService$2$1.run(AbstractIdleService.java:54)
	at com.google.common.util.concurrent.Callables$3.run(Callables.java:93)
	at java.lang.Thread.run(Unknown Source)
Caused by: java.lang.IllegalStateException: Expected BEGIN_OBJECT but was STRING at line 1 column 1
	at com.google.gson.stream.JsonReader.beginObject(JsonReader.java:374)
	at com.google.gson.internal.bind.ReflectiveTypeAdapterFactory$Adapter.read(ReflectiveTypeAdapterFactory.java:165)
	... 9 more
!SESSION 2024-04-18 11:06:04.642 -----------------------------------------------
eclipse.buildId=4.5.2.M20160212-1500
java.version=1.8.0_05
java.vendor=Oracle Corporation
BootLoader constants: OS=win32, ARCH=x86_64, WS=win32, NL=zh_CN
Framework arguments:  -product org.eclipse.epp.package.cpp.product -pluginCustomization C:/intelfpga_lite/18.0/nios2eds/bin/eclipse_nios2/plugin_customization.ini
Command-line arguments:  -os win32 -ws win32 -arch x86_64 -product org.eclipse.epp.package.cpp.product -pluginCustomization C:/intelfpga_lite/18.0/nios2eds/bin/eclipse_nios2/plugin_customization.ini

!ENTRY org.eclipse.core.resources 2 10035 2024-04-18 11:06:07.735
!MESSAGE The workspace exited with unsaved changes in the previous session; refreshing workspace to recover changes.

!ENTRY org.eclipse.epp.logging.aeri.ide 2 16 2024-04-18 11:06:20.060
!MESSAGE Server ‘org.eclipse.epp.logging.aeri.ide.server’ failed with exception: java.lang.IllegalStateException: Expected BEGIN_OBJECT but was STRING at line 1 column 1. ; version: 1.100.0.v20160217-0435
!STACK 0
com.google.gson.JsonSyntaxException: java.lang.IllegalStateException: Expected BEGIN_OBJECT but was STRING at line 1 column 1
	at com.google.gson.internal.bind.ReflectiveTypeAdapterFactory$Adapter.read(ReflectiveTypeAdapterFactory.java:176)
	at com.google.gson.Gson.fromJson(Gson.java:803)
	at com.google.gson.Gson.fromJson(Gson.java:768)
	at com.google.gson.Gson.fromJson(Gson.java:717)
	at org.eclipse.epp.internal.logging.aeri.ide.server.json.Json.deserialize(Json.java:88)
	at org.eclipse.epp.internal.logging.aeri.ide.server.mars.IO.refreshConfiguration(IO.java:70)
	at org.eclipse.epp.internal.logging.aeri.ide.server.mars.ServerConnection.startUp(ServerConnection.java:101)
	at com.google.common.util.concurrent.AbstractIdleService$2$1.run(AbstractIdleService.java:54)
	at com.google.common.util.concurrent.Callables$3.run(Callables.java:93)
	at java.lang.Thread.run(Unknown Source)
Caused by: java.lang.IllegalStateException: Expected BEGIN_OBJECT but was STRING at line 1 column 1
	at com.google.gson.stream.JsonReader.beginObject(JsonReader.java:374)
	at com.google.gson.internal.bind.ReflectiveTypeAdapterFactory$Adapter.read(ReflectiveTypeAdapterFactory.java:165)
	... 9 more
!SESSION 2024-04-18 12:51:21.162 -----------------------------------------------
eclipse.buildId=4.5.2.M20160212-1500
java.version=1.8.0_05
java.vendor=Oracle Corporation
BootLoader constants: OS=win32, ARCH=x86_64, WS=win32, NL=zh_CN
Framework arguments:  -product org.eclipse.epp.package.cpp.product -pluginCustomization C:/intelfpga_lite/18.0/nios2eds/bin/eclipse_nios2/plugin_customization.ini
Command-line arguments:  -os win32 -ws win32 -arch x86_64 -product org.eclipse.epp.package.cpp.product -pluginCustomization C:/intelfpga_lite/18.0/nios2eds/bin/eclipse_nios2/plugin_customization.ini

!ENTRY org.eclipse.core.resources 2 10035 2024-04-18 12:51:29.657
!MESSAGE The workspace exited with unsaved changes in the previous session; refreshing workspace to recover changes.

!ENTRY org.eclipse.epp.logging.aeri.ide 2 16 2024-04-18 12:51:40.083
!MESSAGE Server ‘org.eclipse.epp.logging.aeri.ide.server’ failed with exception: java.lang.IllegalStateException: Expected BEGIN_OBJECT but was STRING at line 1 column 1. ; version: 1.100.0.v20160217-0435
!STACK 0
com.google.gson.JsonSyntaxException: java.lang.IllegalStateException: Expected BEGIN_OBJECT but was STRING at line 1 column 1
	at com.google.gson.internal.bind.ReflectiveTypeAdapterFactory$Adapter.read(ReflectiveTypeAdapterFactory.java:176)
	at com.google.gson.Gson.fromJson(Gson.java:803)
	at com.google.gson.Gson.fromJson(Gson.java:768)
	at com.google.gson.Gson.fromJson(Gson.java:717)
	at org.eclipse.epp.internal.logging.aeri.ide.server.json.Json.deserialize(Json.java:88)
	at org.eclipse.epp.internal.logging.aeri.ide.server.mars.IO.refreshConfiguration(IO.java:70)
	at org.eclipse.epp.internal.logging.aeri.ide.server.mars.ServerConnection.startUp(ServerConnection.java:101)
	at com.google.common.util.concurrent.AbstractIdleService$2$1.run(AbstractIdleService.java:54)
	at com.google.common.util.concurrent.Callables$3.run(Callables.java:93)
	at java.lang.Thread.run(Unknown Source)
Caused by: java.lang.IllegalStateException: Expected BEGIN_OBJECT but was STRING at line 1 column 1
	at com.google.gson.stream.JsonReader.beginObject(JsonReader.java:374)
	at com.google.gson.internal.bind.ReflectiveTypeAdapterFactory$Adapter.read(ReflectiveTypeAdapterFactory.java:165)
	... 9 more
!SESSION 2024-04-18 13:11:13.621 -----------------------------------------------
eclipse.buildId=4.5.2.M20160212-1500
java.version=1.8.0_05
java.vendor=Oracle Corporation
BootLoader constants: OS=win32, ARCH=x86_64, WS=win32, NL=zh_CN
Framework arguments:  -product org.eclipse.epp.package.cpp.product -pluginCustomization C:/intelfpga_lite/18.0/nios2eds/bin/eclipse_nios2/plugin_customization.ini
Command-line arguments:  -os win32 -ws win32 -arch x86_64 -product org.eclipse.epp.package.cpp.product -pluginCustomization C:/intelfpga_lite/18.0/nios2eds/bin/eclipse_nios2/plugin_customization.ini

!ENTRY org.eclipse.epp.logging.aeri.ide 2 16 2024-04-18 13:11:28.555
!MESSAGE Server ‘org.eclipse.epp.logging.aeri.ide.server’ failed with exception: java.lang.IllegalStateException: Expected BEGIN_OBJECT but was STRING at line 1 column 1. ; version: 1.100.0.v20160217-0435
!STACK 0
com.google.gson.JsonSyntaxException: java.lang.IllegalStateException: Expected BEGIN_OBJECT but was STRING at line 1 column 1
	at com.google.gson.internal.bind.ReflectiveTypeAdapterFactory$Adapter.read(ReflectiveTypeAdapterFactory.java:176)
	at com.google.gson.Gson.fromJson(Gson.java:803)
	at com.google.gson.Gson.fromJson(Gson.java:768)
	at com.google.gson.Gson.fromJson(Gson.java:717)
	at org.eclipse.epp.internal.logging.aeri.ide.server.json.Json.deserialize(Json.java:88)
	at org.eclipse.epp.internal.logging.aeri.ide.server.mars.IO.refreshConfiguration(IO.java:70)
	at org.eclipse.epp.internal.logging.aeri.ide.server.mars.ServerConnection.startUp(ServerConnection.java:101)
	at com.google.common.util.concurrent.AbstractIdleService$2$1.run(AbstractIdleService.java:54)
	at com.google.common.util.concurrent.Callables$3.run(Callables.java:93)
	at java.lang.Thread.run(Unknown Source)
Caused by: java.lang.IllegalStateException: Expected BEGIN_OBJECT but was STRING at line 1 column 1
	at com.google.gson.stream.JsonReader.beginObject(JsonReader.java:374)
	at com.google.gson.internal.bind.ReflectiveTypeAdapterFactory$Adapter.read(ReflectiveTypeAdapterFactory.java:165)
	... 9 more

!ENTRY com.altera.sbtgui.launch 1 0 2024-04-18 13:12:19.555
!MESSAGE Executing: [C:/intelfpga_lite/18.0/quartus\bin64\cygwin\bin\bash.exe, -c, nios2-download '--cable=USB-Blaster on localhost [USB-0]' --device=1 --instance=0 --stop --sidp=0xa8 --id=0x0 --timestamp=1713408084]

!ENTRY com.altera.sbtgui.launch 1 0 2024-04-18 13:12:22.070
!MESSAGE Executing: [C:/intelfpga_lite/18.0/quartus\bin64\cygwin\bin\bash.exe, -c, nios2-download '--cable=USB-Blaster on localhost [USB-0]' --device=1 --instance=0 --go --sidp=0xa8 --id=0x0 --timestamp=1713408084 /cygdrive/c/Users/kangx/Documents/_Project/ECE_385_sp24/lab9/software/lab9_app/lab9_app.elf]
!SESSION 2024-04-18 13:15:05.281 -----------------------------------------------
eclipse.buildId=4.5.2.M20160212-1500
java.version=1.8.0_05
java.vendor=Oracle Corporation
BootLoader constants: OS=win32, ARCH=x86_64, WS=win32, NL=zh_CN
Framework arguments:  -product org.eclipse.epp.package.cpp.product -pluginCustomization C:/intelfpga_lite/18.0/nios2eds/bin/eclipse_nios2/plugin_customization.ini
Command-line arguments:  -os win32 -ws win32 -arch x86_64 -product org.eclipse.epp.package.cpp.product -pluginCustomization C:/intelfpga_lite/18.0/nios2eds/bin/eclipse_nios2/plugin_customization.ini

!ENTRY org.eclipse.epp.logging.aeri.ide 2 16 2024-04-18 13:15:17.898
!MESSAGE Server ‘org.eclipse.epp.logging.aeri.ide.server’ failed with exception: java.lang.IllegalStateException: Expected BEGIN_OBJECT but was STRING at line 1 column 1. ; version: 1.100.0.v20160217-0435
!STACK 0
com.google.gson.JsonSyntaxException: java.lang.IllegalStateException: Expected BEGIN_OBJECT but was STRING at line 1 column 1
	at com.google.gson.internal.bind.ReflectiveTypeAdapterFactory$Adapter.read(ReflectiveTypeAdapterFactory.java:176)
	at com.google.gson.Gson.fromJson(Gson.java:803)
	at com.google.gson.Gson.fromJson(Gson.java:768)
	at com.google.gson.Gson.fromJson(Gson.java:717)
	at org.eclipse.epp.internal.logging.aeri.ide.server.json.Json.deserialize(Json.java:88)
	at org.eclipse.epp.internal.logging.aeri.ide.server.mars.IO.refreshConfiguration(IO.java:70)
	at org.eclipse.epp.internal.logging.aeri.ide.server.mars.ServerConnection.startUp(ServerConnection.java:101)
	at com.google.common.util.concurrent.AbstractIdleService$2$1.run(AbstractIdleService.java:54)
	at com.google.common.util.concurrent.Callables$3.run(Callables.java:93)
	at java.lang.Thread.run(Unknown Source)
Caused by: java.lang.IllegalStateException: Expected BEGIN_OBJECT but was STRING at line 1 column 1
	at com.google.gson.stream.JsonReader.beginObject(JsonReader.java:374)
	at com.google.gson.internal.bind.ReflectiveTypeAdapterFactory$Adapter.read(ReflectiveTypeAdapterFactory.java:165)
	... 9 more

!ENTRY com.altera.sbtgui.launch 1 0 2024-04-18 13:15:27.937
!MESSAGE Executing: [C:/intelfpga_lite/18.0/quartus\bin64\cygwin\bin\bash.exe, -c, nios2-download '--cable=USB-Blaster on localhost [USB-0]' --device=1 --instance=0 --stop --sidp=0xa8 --id=0x0 --timestamp=1713408084]

!ENTRY com.altera.sbtgui.launch 1 0 2024-04-18 13:15:30.198
!MESSAGE Executing: [C:/intelfpga_lite/18.0/quartus\bin64\cygwin\bin\bash.exe, -c, nios2-download '--cable=USB-Blaster on localhost [USB-0]' --device=1 --instance=0 --go --sidp=0xa8 --id=0x0 --timestamp=1713408084 /cygdrive/c/Users/kangx/Documents/_Project/ECE_385_sp24/lab9/software/lab9_app/lab9_app.elf]
!SESSION 2024-04-18 13:16:44.304 -----------------------------------------------
eclipse.buildId=4.5.2.M20160212-1500
java.version=1.8.0_05
java.vendor=Oracle Corporation
BootLoader constants: OS=win32, ARCH=x86_64, WS=win32, NL=zh_CN
Framework arguments:  -product org.eclipse.epp.package.cpp.product -pluginCustomization C:/intelfpga_lite/18.0/nios2eds/bin/eclipse_nios2/plugin_customization.ini
Command-line arguments:  -os win32 -ws win32 -arch x86_64 -product org.eclipse.epp.package.cpp.product -pluginCustomization C:/intelfpga_lite/18.0/nios2eds/bin/eclipse_nios2/plugin_customization.ini

!ENTRY org.eclipse.epp.logging.aeri.ide 2 16 2024-04-18 13:16:56.730
!MESSAGE Server ‘org.eclipse.epp.logging.aeri.ide.server’ failed with exception: java.lang.IllegalStateException: Expected BEGIN_OBJECT but was STRING at line 1 column 1. ; version: 1.100.0.v20160217-0435
!STACK 0
com.google.gson.JsonSyntaxException: java.lang.IllegalStateException: Expected BEGIN_OBJECT but was STRING at line 1 column 1
	at com.google.gson.internal.bind.ReflectiveTypeAdapterFactory$Adapter.read(ReflectiveTypeAdapterFactory.java:176)
	at com.google.gson.Gson.fromJson(Gson.java:803)
	at com.google.gson.Gson.fromJson(Gson.java:768)
	at com.google.gson.Gson.fromJson(Gson.java:717)
	at org.eclipse.epp.internal.logging.aeri.ide.server.json.Json.deserialize(Json.java:88)
	at org.eclipse.epp.internal.logging.aeri.ide.server.mars.IO.refreshConfiguration(IO.java:70)
	at org.eclipse.epp.internal.logging.aeri.ide.server.mars.ServerConnection.startUp(ServerConnection.java:101)
	at com.google.common.util.concurrent.AbstractIdleService$2$1.run(AbstractIdleService.java:54)
	at com.google.common.util.concurrent.Callables$3.run(Callables.java:93)
	at java.lang.Thread.run(Unknown Source)
Caused by: java.lang.IllegalStateException: Expected BEGIN_OBJECT but was STRING at line 1 column 1
	at com.google.gson.stream.JsonReader.beginObject(JsonReader.java:374)
	at com.google.gson.internal.bind.ReflectiveTypeAdapterFactory$Adapter.read(ReflectiveTypeAdapterFactory.java:165)
	... 9 more

!ENTRY com.altera.sbtgui.launch 1 0 2024-04-18 13:17:04.240
!MESSAGE Executing: [C:/intelfpga_lite/18.0/quartus\bin64\cygwin\bin\bash.exe, -c, nios2-download '--cable=USB-Blaster on localhost [USB-0]' --device=1 --instance=0 --stop --sidp=0xa8 --id=0x0 --timestamp=1713408084]

!ENTRY com.altera.sbtgui.launch 1 0 2024-04-18 13:17:06.650
!MESSAGE Executing: [C:/intelfpga_lite/18.0/quartus\bin64\cygwin\bin\bash.exe, -c, nios2-download '--cable=USB-Blaster on localhost [USB-0]' --device=1 --instance=0 --go --sidp=0xa8 --id=0x0 --timestamp=1713408084 /cygdrive/c/Users/kangx/Documents/_Project/ECE_385_sp24/lab9/software/lab9_app/lab9_app.elf]

!ENTRY com.altera.sbtgui.launch 1 0 2024-04-18 13:17:49.987
!MESSAGE Terminated Launch with connection: 10USB-Blaster on localhost [USB-0]

!ENTRY com.altera.sbtgui.launch 1 0 2024-04-18 13:17:50.745
!MESSAGE Executing: [C:/intelfpga_lite/18.0/quartus\bin64\cygwin\bin\bash.exe, -c, nios2-download '--cable=USB-Blaster on localhost [USB-0]' --device=1 --instance=0 --stop --sidp=0xa8 --id=0x0 --timestamp=1713408084]

!ENTRY com.altera.sbtgui.launch 1 0 2024-04-18 13:17:52.966
!MESSAGE Executing: [C:/intelfpga_lite/18.0/quartus\bin64\cygwin\bin\bash.exe, -c, nios2-download '--cable=USB-Blaster on localhost [USB-0]' --device=1 --instance=0 --go --sidp=0xa8 --id=0x0 --timestamp=1713408084 /cygdrive/c/Users/kangx/Documents/_Project/ECE_385_sp24/lab9/software/lab9_app/lab9_app.elf]

!ENTRY com.altera.sbtgui.launch 1 0 2024-04-18 13:18:24.077
!MESSAGE Terminated Launch with connection: 10USB-Blaster on localhost [USB-0]

!ENTRY com.altera.sbtgui.launch 1 0 2024-04-18 13:18:24.893
!MESSAGE Executing: [C:/intelfpga_lite/18.0/quartus\bin64\cygwin\bin\bash.exe, -c, nios2-download '--cable=USB-Blaster on localhost [USB-0]' --device=1 --instance=0 --stop --sidp=0xa8 --id=0x0 --timestamp=1713408084]

!ENTRY com.altera.sbtgui.launch 1 0 2024-04-18 13:18:27.224
!MESSAGE Executing: [C:/intelfpga_lite/18.0/quartus\bin64\cygwin\bin\bash.exe, -c, nios2-download '--cable=USB-Blaster on localhost [USB-0]' --device=1 --instance=0 --go --sidp=0xa8 --id=0x0 --timestamp=1713408084 /cygdrive/c/Users/kangx/Documents/_Project/ECE_385_sp24/lab9/software/lab9_app/lab9_app.elf]

!ENTRY com.altera.sbtgui.launch 1 0 2024-04-18 13:30:41.956
!MESSAGE Terminated Launch with connection: 10USB-Blaster on localhost [USB-0]

!ENTRY com.altera.sbtgui.launch 1 0 2024-04-18 13:30:42.864
!MESSAGE Executing: [C:/intelfpga_lite/18.0/quartus\bin64\cygwin\bin\bash.exe, -c, nios2-download '--cable=USB-Blaster on localhost [USB-0]' --device=1 --instance=0 --stop --sidp=0xa8 --id=0x0 --timestamp=1713417747]

!ENTRY com.altera.sbtgui.launch 1 0 2024-04-18 13:30:45.117
!MESSAGE Executing: [C:/intelfpga_lite/18.0/quartus\bin64\cygwin\bin\bash.exe, -c, nios2-download '--cable=USB-Blaster on localhost [USB-0]' --device=1 --instance=0 --go --sidp=0xa8 --id=0x0 --timestamp=1713417747 /cygdrive/c/Users/kangx/Documents/_Project/ECE_385_sp24/lab9/software/lab9_app/lab9_app.elf]

!ENTRY com.altera.sbtgui.launch 1 0 2024-04-18 13:31:55.774
!MESSAGE Terminated Launch with connection: 10USB-Blaster on localhost [USB-0]

!ENTRY com.altera.sbtgui.launch 1 0 2024-04-18 13:31:56.485
!MESSAGE Executing: [C:/intelfpga_lite/18.0/quartus\bin64\cygwin\bin\bash.exe, -c, nios2-download '--cable=USB-Blaster on localhost [USB-0]' --device=1 --instance=0 --stop --sidp=0xa8 --id=0x0 --timestamp=1713417747]

!ENTRY com.altera.sbtgui.launch 1 0 2024-04-18 13:31:58.725
!MESSAGE Executing: [C:/intelfpga_lite/18.0/quartus\bin64\cygwin\bin\bash.exe, -c, nios2-download '--cable=USB-Blaster on localhost [USB-0]' --device=1 --instance=0 --go --sidp=0xa8 --id=0x0 --timestamp=1713417747 /cygdrive/c/Users/kangx/Documents/_Project/ECE_385_sp24/lab9/software/lab9_app/lab9_app.elf]

!ENTRY com.altera.sbtgui.launch 1 0 2024-04-18 13:32:24.102
!MESSAGE Terminated Launch with connection: 10USB-Blaster on localhost [USB-0]

!ENTRY com.altera.sbtgui.launch 1 0 2024-04-18 13:32:24.828
!MESSAGE Executing: [C:/intelfpga_lite/18.0/quartus\bin64\cygwin\bin\bash.exe, -c, nios2-download '--cable=USB-Blaster on localhost [USB-0]' --device=1 --instance=0 --stop --sidp=0xa8 --id=0x0 --timestamp=1713417747]

!ENTRY com.altera.sbtgui.launch 1 0 2024-04-18 13:32:27.083
!MESSAGE Executing: [C:/intelfpga_lite/18.0/quartus\bin64\cygwin\bin\bash.exe, -c, nios2-download '--cable=USB-Blaster on localhost [USB-0]' --device=1 --instance=0 --go --sidp=0xa8 --id=0x0 --timestamp=1713417747 /cygdrive/c/Users/kangx/Documents/_Project/ECE_385_sp24/lab9/software/lab9_app/lab9_app.elf]

!ENTRY com.altera.sbtgui.launch 1 0 2024-04-18 13:41:45.440
!MESSAGE Terminated Launch with connection: 10USB-Blaster on localhost [USB-0]

!ENTRY com.altera.sbtgui.launch 1 0 2024-04-18 13:41:46.354
!MESSAGE Executing: [C:/intelfpga_lite/18.0/quartus\bin64\cygwin\bin\bash.exe, -c, nios2-download '--cable=USB-Blaster on localhost [USB-0]' --device=1 --instance=0 --stop --sidp=0xa8 --id=0x0 --timestamp=1713418434]

!ENTRY com.altera.sbtgui.launch 1 0 2024-04-18 13:41:48.647
!MESSAGE Executing: [C:/intelfpga_lite/18.0/quartus\bin64\cygwin\bin\bash.exe, -c, nios2-download '--cable=USB-Blaster on localhost [USB-0]' --device=1 --instance=0 --go --sidp=0xa8 --id=0x0 --timestamp=1713418434 /cygdrive/c/Users/kangx/Documents/_Project/ECE_385_sp24/lab9/software/lab9_app/lab9_app.elf]
!SESSION 2024-04-18 14:03:59.795 -----------------------------------------------
eclipse.buildId=4.5.2.M20160212-1500
java.version=1.8.0_05
java.vendor=Oracle Corporation
BootLoader constants: OS=win32, ARCH=x86_64, WS=win32, NL=zh_CN
Framework arguments:  -product org.eclipse.epp.package.cpp.product -pluginCustomization C:/intelfpga_lite/18.0/nios2eds/bin/eclipse_nios2/plugin_customization.ini
Command-line arguments:  -os win32 -ws win32 -arch x86_64 -product org.eclipse.epp.package.cpp.product -pluginCustomization C:/intelfpga_lite/18.0/nios2eds/bin/eclipse_nios2/plugin_customization.ini

!ENTRY org.eclipse.core.resources 2 10035 2024-04-18 14:04:09.315
!MESSAGE The workspace exited with unsaved changes in the previous session; refreshing workspace to recover changes.

!ENTRY org.eclipse.epp.logging.aeri.ide 2 16 2024-04-18 14:04:22.325
!MESSAGE Server ‘org.eclipse.epp.logging.aeri.ide.server’ failed with exception: java.lang.IllegalStateException: Expected BEGIN_OBJECT but was STRING at line 1 column 1. ; version: 1.100.0.v20160217-0435
!STACK 0
com.google.gson.JsonSyntaxException: java.lang.IllegalStateException: Expected BEGIN_OBJECT but was STRING at line 1 column 1
	at com.google.gson.internal.bind.ReflectiveTypeAdapterFactory$Adapter.read(ReflectiveTypeAdapterFactory.java:176)
	at com.google.gson.Gson.fromJson(Gson.java:803)
	at com.google.gson.Gson.fromJson(Gson.java:768)
	at com.google.gson.Gson.fromJson(Gson.java:717)
	at org.eclipse.epp.internal.logging.aeri.ide.server.json.Json.deserialize(Json.java:88)
	at org.eclipse.epp.internal.logging.aeri.ide.server.mars.IO.refreshConfiguration(IO.java:70)
	at org.eclipse.epp.internal.logging.aeri.ide.server.mars.ServerConnection.startUp(ServerConnection.java:101)
	at com.google.common.util.concurrent.AbstractIdleService$2$1.run(AbstractIdleService.java:54)
	at com.google.common.util.concurrent.Callables$3.run(Callables.java:93)
	at java.lang.Thread.run(Unknown Source)
Caused by: java.lang.IllegalStateException: Expected BEGIN_OBJECT but was STRING at line 1 column 1
	at com.google.gson.stream.JsonReader.beginObject(JsonReader.java:374)
	at com.google.gson.internal.bind.ReflectiveTypeAdapterFactory$Adapter.read(ReflectiveTypeAdapterFactory.java:165)
	... 9 more

!ENTRY com.altera.sbtgui.launch 1 0 2024-04-18 14:05:22.251
!MESSAGE Executing: [C:/intelfpga_lite/18.0/quartus\bin64\cygwin\bin\bash.exe, -c, nios2-download '--cable=USB-Blaster on localhost [USB-0]' --device=1 --instance=0 --stop --sidp=0xa8 --id=0x0 --timestamp=1713418434]

!ENTRY com.altera.sbtgui.launch 1 0 2024-04-18 14:05:24.758
!MESSAGE Executing: [C:/intelfpga_lite/18.0/quartus\bin64\cygwin\bin\bash.exe, -c, nios2-download '--cable=USB-Blaster on localhost [USB-0]' --device=1 --instance=0 --go --sidp=0xa8 --id=0x0 --timestamp=1713418434 /cygdrive/c/Users/kangx/Documents/_Project/ECE_385_sp24/lab9/software/lab9_app/lab9_app.elf]
!SESSION 2024-04-18 14:20:26.856 -----------------------------------------------
eclipse.buildId=4.5.2.M20160212-1500
java.version=1.8.0_05
java.vendor=Oracle Corporation
BootLoader constants: OS=win32, ARCH=x86_64, WS=win32, NL=zh_CN
Framework arguments:  -product org.eclipse.epp.package.cpp.product -pluginCustomization C:/intelfpga_lite/18.0/nios2eds/bin/eclipse_nios2/plugin_customization.ini
Command-line arguments:  -os win32 -ws win32 -arch x86_64 -product org.eclipse.epp.package.cpp.product -pluginCustomization C:/intelfpga_lite/18.0/nios2eds/bin/eclipse_nios2/plugin_customization.ini

!ENTRY org.eclipse.epp.logging.aeri.ide 2 16 2024-04-18 14:20:37.883
!MESSAGE Server ‘org.eclipse.epp.logging.aeri.ide.server’ failed with exception: java.lang.IllegalStateException: Expected BEGIN_OBJECT but was STRING at line 1 column 1. ; version: 1.100.0.v20160217-0435
!STACK 0
com.google.gson.JsonSyntaxException: java.lang.IllegalStateException: Expected BEGIN_OBJECT but was STRING at line 1 column 1
	at com.google.gson.internal.bind.ReflectiveTypeAdapterFactory$Adapter.read(ReflectiveTypeAdapterFactory.java:176)
	at com.google.gson.Gson.fromJson(Gson.java:803)
	at com.google.gson.Gson.fromJson(Gson.java:768)
	at com.google.gson.Gson.fromJson(Gson.java:717)
	at org.eclipse.epp.internal.logging.aeri.ide.server.json.Json.deserialize(Json.java:88)
	at org.eclipse.epp.internal.logging.aeri.ide.server.mars.IO.refreshConfiguration(IO.java:70)
	at org.eclipse.epp.internal.logging.aeri.ide.server.mars.ServerConnection.startUp(ServerConnection.java:101)
	at com.google.common.util.concurrent.AbstractIdleService$2$1.run(AbstractIdleService.java:54)
	at com.google.common.util.concurrent.Callables$3.run(Callables.java:93)
	at java.lang.Thread.run(Unknown Source)
Caused by: java.lang.IllegalStateException: Expected BEGIN_OBJECT but was STRING at line 1 column 1
	at com.google.gson.stream.JsonReader.beginObject(JsonReader.java:374)
	at com.google.gson.internal.bind.ReflectiveTypeAdapterFactory$Adapter.read(ReflectiveTypeAdapterFactory.java:165)
	... 9 more

!ENTRY com.altera.sbtgui.launch 1 0 2024-04-18 14:21:18.267
!MESSAGE Executing: [C:/intelfpga_lite/18.0/quartus\bin64\cygwin\bin\bash.exe, -c, nios2-download '--cable=USB-Blaster on localhost [USB-0]' --device=1 --instance=0 --stop --sidp=0xa8 --id=0x0 --timestamp=1713418434]

!ENTRY com.altera.sbtgui.launch 1 0 2024-04-18 14:21:20.428
!MESSAGE Executing: [C:/intelfpga_lite/18.0/quartus\bin64\cygwin\bin\bash.exe, -c, nios2-download '--cable=USB-Blaster on localhost [USB-0]' --device=1 --instance=0 --go --sidp=0xa8 --id=0x0 --timestamp=1713418434 /cygdrive/c/Users/kangx/Documents/_Project/ECE_385_sp24/lab9/software/lab9_app/lab9_app.elf]
!SESSION 2024-04-19 18:01:26.997 -----------------------------------------------
eclipse.buildId=4.5.2.M20160212-1500
java.version=1.8.0_05
java.vendor=Oracle Corporation
BootLoader constants: OS=win32, ARCH=x86_64, WS=win32, NL=zh_CN
Framework arguments:  -product org.eclipse.epp.package.cpp.product -pluginCustomization C:/intelfpga_lite/18.0/nios2eds/bin/eclipse_nios2/plugin_customization.ini
Command-line arguments:  -os win32 -ws win32 -arch x86_64 -product org.eclipse.epp.package.cpp.product -pluginCustomization C:/intelfpga_lite/18.0/nios2eds/bin/eclipse_nios2/plugin_customization.ini

!ENTRY org.eclipse.epp.logging.aeri.ide 2 16 2024-04-19 18:01:43.845
!MESSAGE Server ‘org.eclipse.epp.logging.aeri.ide.server’ failed with exception: java.lang.IllegalStateException: Expected BEGIN_OBJECT but was STRING at line 1 column 1. ; version: 1.100.0.v20160217-0435
!STACK 0
com.google.gson.JsonSyntaxException: java.lang.IllegalStateException: Expected BEGIN_OBJECT but was STRING at line 1 column 1
	at com.google.gson.internal.bind.ReflectiveTypeAdapterFactory$Adapter.read(ReflectiveTypeAdapterFactory.java:176)
	at com.google.gson.Gson.fromJson(Gson.java:803)
	at com.google.gson.Gson.fromJson(Gson.java:768)
	at com.google.gson.Gson.fromJson(Gson.java:717)
	at org.eclipse.epp.internal.logging.aeri.ide.server.json.Json.deserialize(Json.java:88)
	at org.eclipse.epp.internal.logging.aeri.ide.server.mars.IO.refreshConfiguration(IO.java:70)
	at org.eclipse.epp.internal.logging.aeri.ide.server.mars.ServerConnection.startUp(ServerConnection.java:101)
	at com.google.common.util.concurrent.AbstractIdleService$2$1.run(AbstractIdleService.java:54)
	at com.google.common.util.concurrent.Callables$3.run(Callables.java:93)
	at java.lang.Thread.run(Unknown Source)
Caused by: java.lang.IllegalStateException: Expected BEGIN_OBJECT but was STRING at line 1 column 1
	at com.google.gson.stream.JsonReader.beginObject(JsonReader.java:374)
	at com.google.gson.internal.bind.ReflectiveTypeAdapterFactory$Adapter.read(ReflectiveTypeAdapterFactory.java:165)
	... 9 more

!ENTRY com.altera.sbtgui.launch 1 0 2024-04-19 18:02:03.735
!MESSAGE Executing: [C:/intelfpga_lite/18.0/quartus\bin64\cygwin\bin\bash.exe, -c, nios2-download '--cable=USB-Blaster on localhost [USB-0]' --device=1 --instance=0 --stop --sidp=0xa8 --id=0x0 --timestamp=1713418434]

!ENTRY com.altera.sbtgui.launch 1 0 2024-04-19 18:02:06.625
!MESSAGE Executing: [C:/intelfpga_lite/18.0/quartus\bin64\cygwin\bin\bash.exe, -c, nios2-download '--cable=USB-Blaster on localhost [USB-0]' --device=1 --instance=0 --go --sidp=0xa8 --id=0x0 --timestamp=1713418434 /cygdrive/c/Users/kangx/Documents/_Project/ECE_385_sp24/lab9/software/lab9_app/lab9_app.elf]
!SESSION 2024-04-25 14:46:27.725 -----------------------------------------------
eclipse.buildId=4.5.2.M20160212-1500
java.version=1.8.0_05
java.vendor=Oracle Corporation
BootLoader constants: OS=win32, ARCH=x86_64, WS=win32, NL=zh_CN
Framework arguments:  -product org.eclipse.epp.package.cpp.product -pluginCustomization C:/intelfpga_lite/18.0/nios2eds/bin/eclipse_nios2/plugin_customization.ini
Command-line arguments:  -os win32 -ws win32 -arch x86_64 -product org.eclipse.epp.package.cpp.product -pluginCustomization C:/intelfpga_lite/18.0/nios2eds/bin/eclipse_nios2/plugin_customization.ini

!ENTRY org.eclipse.epp.logging.aeri.ide 2 16 2024-04-25 14:46:57.290
!MESSAGE Server ‘org.eclipse.epp.logging.aeri.ide.server’ failed with exception: java.lang.IllegalStateException: Expected BEGIN_OBJECT but was STRING at line 1 column 1. ; version: 1.100.0.v20160217-0435
!STACK 0
com.google.gson.JsonSyntaxException: java.lang.IllegalStateException: Expected BEGIN_OBJECT but was STRING at line 1 column 1
	at com.google.gson.internal.bind.ReflectiveTypeAdapterFactory$Adapter.read(ReflectiveTypeAdapterFactory.java:176)
	at com.google.gson.Gson.fromJson(Gson.java:803)
	at com.google.gson.Gson.fromJson(Gson.java:768)
	at com.google.gson.Gson.fromJson(Gson.java:717)
	at org.eclipse.epp.internal.logging.aeri.ide.server.json.Json.deserialize(Json.java:88)
	at org.eclipse.epp.internal.logging.aeri.ide.server.mars.IO.refreshConfiguration(IO.java:70)
	at org.eclipse.epp.internal.logging.aeri.ide.server.mars.ServerConnection.startUp(ServerConnection.java:101)
	at com.google.common.util.concurrent.AbstractIdleService$2$1.run(AbstractIdleService.java:54)
	at com.google.common.util.concurrent.Callables$3.run(Callables.java:93)
	at java.lang.Thread.run(Unknown Source)
Caused by: java.lang.IllegalStateException: Expected BEGIN_OBJECT but was STRING at line 1 column 1
	at com.google.gson.stream.JsonReader.beginObject(JsonReader.java:374)
	at com.google.gson.internal.bind.ReflectiveTypeAdapterFactory$Adapter.read(ReflectiveTypeAdapterFactory.java:165)
	... 9 more

!ENTRY com.altera.sbtgui.launch 1 0 2024-04-25 14:48:39.058
!MESSAGE Executing: [C:/intelfpga_lite/18.0/quartus\bin64\cygwin\bin\bash.exe, -c, nios2-download '--cable=USB-Blaster on localhost [USB-0]' --device=1 --instance=0 --stop --sidp=0xa8 --id=0x0 --timestamp=1714027425]

!ENTRY com.altera.sbtgui.launch 1 0 2024-04-25 14:48:41.606
!MESSAGE Executing: [C:/intelfpga_lite/18.0/quartus\bin64\cygwin\bin\bash.exe, -c, nios2-download '--cable=USB-Blaster on localhost [USB-0]' --device=1 --instance=0 --go --sidp=0xa8 --id=0x0 --timestamp=1714027425 /cygdrive/c/Users/kangx/Documents/_Project/ECE_385_sp24/lab9/software/lab9_app/lab9_app.elf]
!SESSION 2024-04-25 14:54:10.285 -----------------------------------------------
eclipse.buildId=4.5.2.M20160212-1500
java.version=1.8.0_05
java.vendor=Oracle Corporation
BootLoader constants: OS=win32, ARCH=x86_64, WS=win32, NL=zh_CN
Framework arguments:  -product org.eclipse.epp.package.cpp.product -pluginCustomization C:/intelfpga_lite/18.0/nios2eds/bin/eclipse_nios2/plugin_customization.ini
Command-line arguments:  -os win32 -ws win32 -arch x86_64 -product org.eclipse.epp.package.cpp.product -pluginCustomization C:/intelfpga_lite/18.0/nios2eds/bin/eclipse_nios2/plugin_customization.ini

!ENTRY org.eclipse.core.resources 2 10035 2024-04-25 14:54:14.444
!MESSAGE The workspace exited with unsaved changes in the previous session; refreshing workspace to recover changes.

!ENTRY org.eclipse.epp.logging.aeri.ide 2 16 2024-04-25 14:54:27.158
!MESSAGE Server ‘org.eclipse.epp.logging.aeri.ide.server’ failed with exception: java.lang.IllegalStateException: Expected BEGIN_OBJECT but was STRING at line 1 column 1. ; version: 1.100.0.v20160217-0435
!STACK 0
com.google.gson.JsonSyntaxException: java.lang.IllegalStateException: Expected BEGIN_OBJECT but was STRING at line 1 column 1
	at com.google.gson.internal.bind.ReflectiveTypeAdapterFactory$Adapter.read(ReflectiveTypeAdapterFactory.java:176)
	at com.google.gson.Gson.fromJson(Gson.java:803)
	at com.google.gson.Gson.fromJson(Gson.java:768)
	at com.google.gson.Gson.fromJson(Gson.java:717)
	at org.eclipse.epp.internal.logging.aeri.ide.server.json.Json.deserialize(Json.java:88)
	at org.eclipse.epp.internal.logging.aeri.ide.server.mars.IO.refreshConfiguration(IO.java:70)
	at org.eclipse.epp.internal.logging.aeri.ide.server.mars.ServerConnection.startUp(ServerConnection.java:101)
	at com.google.common.util.concurrent.AbstractIdleService$2$1.run(AbstractIdleService.java:54)
	at com.google.common.util.concurrent.Callables$3.run(Callables.java:93)
	at java.lang.Thread.run(Unknown Source)
Caused by: java.lang.IllegalStateException: Expected BEGIN_OBJECT but was STRING at line 1 column 1
	at com.google.gson.stream.JsonReader.beginObject(JsonReader.java:374)
	at com.google.gson.internal.bind.ReflectiveTypeAdapterFactory$Adapter.read(ReflectiveTypeAdapterFactory.java:165)
	... 9 more

!ENTRY com.altera.sbtgui.launch 1 0 2024-04-25 14:54:59.407
!MESSAGE Executing: [C:/intelfpga_lite/18.0/quartus\bin64\cygwin\bin\bash.exe, -c, nios2-download '--cable=USB-Blaster on localhost [USB-0]' --device=1 --instance=0 --stop --sidp=0xa8 --id=0x0 --timestamp=1714027425]

!ENTRY com.altera.sbtgui.launch 1 0 2024-04-25 14:55:01.856
!MESSAGE Executing: [C:/intelfpga_lite/18.0/quartus\bin64\cygwin\bin\bash.exe, -c, nios2-download '--cable=USB-Blaster on localhost [USB-0]' --device=1 --instance=0 --go --sidp=0xa8 --id=0x0 --timestamp=1714027425 /cygdrive/c/Users/kangx/Documents/_Project/ECE_385_sp24/lab9/software/lab9_app/lab9_app.elf]
!SESSION 2024-04-25 14:56:15.307 -----------------------------------------------
eclipse.buildId=4.5.2.M20160212-1500
java.version=1.8.0_05
java.vendor=Oracle Corporation
BootLoader constants: OS=win32, ARCH=x86_64, WS=win32, NL=zh_CN
Framework arguments:  -product org.eclipse.epp.package.cpp.product -pluginCustomization C:/intelfpga_lite/18.0/nios2eds/bin/eclipse_nios2/plugin_customization.ini
Command-line arguments:  -os win32 -ws win32 -arch x86_64 -product org.eclipse.epp.package.cpp.product -pluginCustomization C:/intelfpga_lite/18.0/nios2eds/bin/eclipse_nios2/plugin_customization.ini

!ENTRY org.eclipse.core.resources 2 10035 2024-04-25 14:56:40.529
!MESSAGE The workspace exited with unsaved changes in the previous session; refreshing workspace to recover changes.

!ENTRY org.eclipse.epp.logging.aeri.ide 2 16 2024-04-25 14:56:53.171
!MESSAGE Server ‘org.eclipse.epp.logging.aeri.ide.server’ failed with exception: java.lang.IllegalStateException: Expected BEGIN_OBJECT but was STRING at line 1 column 1. ; version: 1.100.0.v20160217-0435
!STACK 0
com.google.gson.JsonSyntaxException: java.lang.IllegalStateException: Expected BEGIN_OBJECT but was STRING at line 1 column 1
	at com.google.gson.internal.bind.ReflectiveTypeAdapterFactory$Adapter.read(ReflectiveTypeAdapterFactory.java:176)
	at com.google.gson.Gson.fromJson(Gson.java:803)
	at com.google.gson.Gson.fromJson(Gson.java:768)
	at com.google.gson.Gson.fromJson(Gson.java:717)
	at org.eclipse.epp.internal.logging.aeri.ide.server.json.Json.deserialize(Json.java:88)
	at org.eclipse.epp.internal.logging.aeri.ide.server.mars.IO.refreshConfiguration(IO.java:70)
	at org.eclipse.epp.internal.logging.aeri.ide.server.mars.ServerConnection.startUp(ServerConnection.java:101)
	at com.google.common.util.concurrent.AbstractIdleService$2$1.run(AbstractIdleService.java:54)
	at com.google.common.util.concurrent.Callables$3.run(Callables.java:93)
	at java.lang.Thread.run(Unknown Source)
Caused by: java.lang.IllegalStateException: Expected BEGIN_OBJECT but was STRING at line 1 column 1
	at com.google.gson.stream.JsonReader.beginObject(JsonReader.java:374)
	at com.google.gson.internal.bind.ReflectiveTypeAdapterFactory$Adapter.read(ReflectiveTypeAdapterFactory.java:165)
	... 9 more

!ENTRY com.altera.sbtgui.launch 1 0 2024-04-25 14:57:30.709
!MESSAGE Executing: [C:/intelfpga_lite/18.0/quartus\bin64\cygwin\bin\bash.exe, -c, nios2-download '--cable=USB-Blaster on localhost [USB-0]' --device=1 --instance=0 --stop --sidp=0xa8 --id=0x0 --timestamp=1714027425]

!ENTRY com.altera.sbtgui.launch 1 0 2024-04-25 14:57:33.812
!MESSAGE Executing: [C:/intelfpga_lite/18.0/quartus\bin64\cygwin\bin\bash.exe, -c, nios2-download '--cable=USB-Blaster on localhost [USB-0]' --device=1 --instance=0 --go --sidp=0xa8 --id=0x0 --timestamp=1714027425 /cygdrive/c/Users/kangx/Documents/_Project/ECE_385_sp24/lab9/software/lab9_app/lab9_app.elf]
!SESSION 2024-04-25 14:58:43.534 -----------------------------------------------
eclipse.buildId=4.5.2.M20160212-1500
java.version=1.8.0_05
java.vendor=Oracle Corporation
BootLoader constants: OS=win32, ARCH=x86_64, WS=win32, NL=zh_CN
Framework arguments:  -product org.eclipse.epp.package.cpp.product -pluginCustomization C:/intelfpga_lite/18.0/nios2eds/bin/eclipse_nios2/plugin_customization.ini
Command-line arguments:  -os win32 -ws win32 -arch x86_64 -product org.eclipse.epp.package.cpp.product -pluginCustomization C:/intelfpga_lite/18.0/nios2eds/bin/eclipse_nios2/plugin_customization.ini

!ENTRY org.eclipse.core.resources 2 10035 2024-04-25 14:58:46.925
!MESSAGE The workspace exited with unsaved changes in the previous session; refreshing workspace to recover changes.

!ENTRY org.eclipse.epp.logging.aeri.ide 2 16 2024-04-25 14:59:00.403
!MESSAGE Server ‘org.eclipse.epp.logging.aeri.ide.server’ failed with exception: java.lang.IllegalStateException: Expected BEGIN_OBJECT but was STRING at line 1 column 1. ; version: 1.100.0.v20160217-0435
!STACK 0
com.google.gson.JsonSyntaxException: java.lang.IllegalStateException: Expected BEGIN_OBJECT but was STRING at line 1 column 1
	at com.google.gson.internal.bind.ReflectiveTypeAdapterFactory$Adapter.read(ReflectiveTypeAdapterFactory.java:176)
	at com.google.gson.Gson.fromJson(Gson.java:803)
	at com.google.gson.Gson.fromJson(Gson.java:768)
	at com.google.gson.Gson.fromJson(Gson.java:717)
	at org.eclipse.epp.internal.logging.aeri.ide.server.json.Json.deserialize(Json.java:88)
	at org.eclipse.epp.internal.logging.aeri.ide.server.mars.IO.refreshConfiguration(IO.java:70)
	at org.eclipse.epp.internal.logging.aeri.ide.server.mars.ServerConnection.startUp(ServerConnection.java:101)
	at com.google.common.util.concurrent.AbstractIdleService$2$1.run(AbstractIdleService.java:54)
	at com.google.common.util.concurrent.Callables$3.run(Callables.java:93)
	at java.lang.Thread.run(Unknown Source)
Caused by: java.lang.IllegalStateException: Expected BEGIN_OBJECT but was STRING at line 1 column 1
	at com.google.gson.stream.JsonReader.beginObject(JsonReader.java:374)
	at com.google.gson.internal.bind.ReflectiveTypeAdapterFactory$Adapter.read(ReflectiveTypeAdapterFactory.java:165)
	... 9 more

!ENTRY com.altera.sbtgui.launch 1 0 2024-04-25 14:59:34.836
!MESSAGE Executing: [C:/intelfpga_lite/18.0/quartus\bin64\cygwin\bin\bash.exe, -c, nios2-download '--cable=USB-Blaster on localhost [USB-0]' --device=1 --instance=0 --stop --sidp=0xa8 --id=0x0 --timestamp=1714027425]

!ENTRY com.altera.sbtgui.launch 1 0 2024-04-25 14:59:37.183
!MESSAGE Executing: [C:/intelfpga_lite/18.0/quartus\bin64\cygwin\bin\bash.exe, -c, nios2-download '--cable=USB-Blaster on localhost [USB-0]' --device=1 --instance=0 --go --sidp=0xa8 --id=0x0 --timestamp=1714027425 /cygdrive/c/Users/kangx/Documents/_Project/ECE_385_sp24/lab9/software/lab9_app/lab9_app.elf]

!ENTRY com.altera.sbtgui.launch 1 0 2024-04-25 15:02:13.487
!MESSAGE Terminated Launch with connection: 10USB-Blaster on localhost [USB-0]

!ENTRY com.altera.sbtgui.launch 1 0 2024-04-25 15:02:14.280
!MESSAGE Executing: [C:/intelfpga_lite/18.0/quartus\bin64\cygwin\bin\bash.exe, -c, nios2-download '--cable=USB-Blaster on localhost [USB-0]' --device=1 --instance=0 --stop --sidp=0xa8 --id=0x0 --timestamp=1714027425]

!ENTRY com.altera.sbtgui.launch 1 0 2024-04-25 15:02:16.558
!MESSAGE Executing: [C:/intelfpga_lite/18.0/quartus\bin64\cygwin\bin\bash.exe, -c, nios2-download '--cable=USB-Blaster on localhost [USB-0]' --device=1 --instance=0 --go --sidp=0xa8 --id=0x0 --timestamp=1714027425 /cygdrive/c/Users/kangx/Documents/_Project/ECE_385_sp24/lab9/software/lab9_app/lab9_app.elf]
!SESSION 2024-04-25 15:05:31.655 -----------------------------------------------
eclipse.buildId=4.5.2.M20160212-1500
java.version=1.8.0_05
java.vendor=Oracle Corporation
BootLoader constants: OS=win32, ARCH=x86_64, WS=win32, NL=zh_CN
Framework arguments:  -product org.eclipse.epp.package.cpp.product -pluginCustomization C:/intelfpga_lite/18.0/nios2eds/bin/eclipse_nios2/plugin_customization.ini
Command-line arguments:  -os win32 -ws win32 -arch x86_64 -product org.eclipse.epp.package.cpp.product -pluginCustomization C:/intelfpga_lite/18.0/nios2eds/bin/eclipse_nios2/plugin_customization.ini

!ENTRY org.eclipse.core.resources 2 10035 2024-04-25 15:05:34.528
!MESSAGE The workspace exited with unsaved changes in the previous session; refreshing workspace to recover changes.
