Flow report for Final
Tue May 21 21:30:28 2024
Quartus Prime Version 18.0.0 Build 614 04/24/2018 SJ Lite Edition


---------------------
; Table of Contents ;
---------------------
  1. Legal Notice
  2. Flow Summary
  3. Flow Settings
  4. Flow Non-Default Global Settings
  5. Flow Elapsed Time
  6. Flow OS Summary
  7. Flow Log
  8. Flow Messages
  9. Flow Suppressed Messages



----------------
; Legal Notice ;
----------------
Copyright (C) 2018  Intel Corporation. All rights reserved.
Your use of Intel Corporation's design tools, logic functions 
and other software and tools, and its AMPP partner logic 
functions, and any output files from any of the foregoing 
(including device programming or simulation files), and any 
associated documentation or information are expressly subject 
to the terms and conditions of the Intel Program License 
Subscription Agreement, the Intel Quartus Prime License Agreement,
the Intel FPGA IP License Agreement, or other applicable license
agreement, including, without limitation, that your use is for
the sole purpose of programming logic devices manufactured by
Intel and sold by Intel or its authorized distributors.  Please
refer to the applicable agreement for further details.



+----------------------------------------------------------------------------------+
; Flow Summary                                                                     ;
+------------------------------------+---------------------------------------------+
; Flow Status                        ; Successful - Tue May 21 21:30:28 2024       ;
; Quartus Prime Version              ; 18.0.0 Build 614 04/24/2018 SJ Lite Edition ;
; Revision Name                      ; Final                                       ;
; Top-level Entity Name              ; Final                                       ;
; Family                             ; Cyclone IV E                                ;
; Device                             ; EP4CE115F29C7                               ;
; Timing Models                      ; Final                                       ;
; Total logic elements               ; 7,115 / 114,480 ( 6 % )                     ;
;     Total combinational functions  ; 6,417 / 114,480 ( 6 % )                     ;
;     Dedicated logic registers      ; 2,818 / 114,480 ( 2 % )                     ;
; Total registers                    ; 2937                                        ;
; Total pins                         ; 135 / 529 ( 26 % )                          ;
; Total virtual pins                 ; 0                                           ;
; Total memory bits                  ; 1,254,528 / 3,981,312 ( 32 % )              ;
; Embedded Multiplier 9-bit elements ; 0 / 532 ( 0 % )                             ;
; Total PLLs                         ; 1 / 4 ( 25 % )                              ;
+------------------------------------+---------------------------------------------+


+-----------------------------------------+
; Flow Settings                           ;
+-------------------+---------------------+
; Option            ; Setting             ;
+-------------------+---------------------+
; Start date & time ; 05/21/2024 21:28:32 ;
; Main task         ; Compilation         ;
; Revision Name     ; Final               ;
+-------------------+---------------------+


+---------------------------------------------------------------------------------------------------------------------------------+
; Flow Non-Default Global Settings                                                                                                ;
+-------------------------------------+----------------------------------------+---------------+-----------------+----------------+
; Assignment Name                     ; Value                                  ; Default Value ; Entity Name     ; Section Id     ;
+-------------------------------------+----------------------------------------+---------------+-----------------+----------------+
; COMPILER_SIGNATURE_ID               ; 220497626666708.171629811208176        ; --            ; --              ; --             ;
; EDA_OUTPUT_DATA_FORMAT              ; Systemverilog Hdl                      ; --            ; --              ; eda_simulation ;
; EDA_SIMULATION_TOOL                 ; ModelSim (SystemVerilog)               ; <None>        ; --              ; --             ;
; EDA_TIME_SCALE                      ; 1 ps                                   ; --            ; --              ; eda_simulation ;
; MAX_CORE_JUNCTION_TEMP              ; 85                                     ; --            ; --              ; --             ;
; MIN_CORE_JUNCTION_TEMP              ; 0                                      ; --            ; --              ; --             ;
; NOMINAL_CORE_SUPPLY_VOLTAGE         ; 1.2V                                   ; --            ; --              ; --             ;
; PARTITION_COLOR                     ; -- (Not supported for targeted family) ; --            ; DE2_115_Default ; Top            ;
; PARTITION_COLOR                     ; -- (Not supported for targeted family) ; --            ; --              ; Top            ;
; PARTITION_COLOR                     ; -- (Not supported for targeted family) ; --            ; lab8            ; Top            ;
; PARTITION_FITTER_PRESERVATION_LEVEL ; -- (Not supported for targeted family) ; --            ; DE2_115_Default ; Top            ;
; PARTITION_FITTER_PRESERVATION_LEVEL ; -- (Not supported for targeted family) ; --            ; --              ; Top            ;
; PARTITION_FITTER_PRESERVATION_LEVEL ; -- (Not supported for targeted family) ; --            ; lab8            ; Top            ;
; PARTITION_NETLIST_TYPE              ; -- (Not supported for targeted family) ; --            ; DE2_115_Default ; Top            ;
; PARTITION_NETLIST_TYPE              ; -- (Not supported for targeted family) ; --            ; --              ; Top            ;
; PARTITION_NETLIST_TYPE              ; -- (Not supported for targeted family) ; --            ; lab8            ; Top            ;
; POWER_BOARD_THERMAL_MODEL           ; None (CONSERVATIVE)                    ; --            ; --              ; --             ;
; POWER_PRESET_COOLING_SOLUTION       ; 23 MM HEAT SINK WITH 200 LFPM AIRFLOW  ; --            ; --              ; --             ;
; PROJECT_OUTPUT_DIRECTORY            ; output_files                           ; --            ; --              ; --             ;
+-------------------------------------+----------------------------------------+---------------+-----------------+----------------+


+--------------------------------------------------------------------------------------------------------------------------+
; Flow Elapsed Time                                                                                                        ;
+----------------------+--------------+-------------------------+---------------------+------------------------------------+
; Module Name          ; Elapsed Time ; Average Processors Used ; Peak Virtual Memory ; Total CPU Time (on all processors) ;
+----------------------+--------------+-------------------------+---------------------+------------------------------------+
; Analysis & Synthesis ; 00:01:11     ; 1.0                     ; 5083 MB             ; 00:00:23                           ;
; Fitter               ; 00:00:28     ; 1.2                     ; 6852 MB             ; 00:00:10                           ;
; Assembler            ; 00:00:03     ; 1.0                     ; 4716 MB             ; 00:00:00                           ;
; Timing Analyzer      ; 00:00:03     ; 1.8                     ; 5067 MB             ; 00:00:00                           ;
; EDA Netlist Writer   ; 00:00:06     ; 1.0                     ; 4754 MB             ; 00:00:01                           ;
; Total                ; 00:01:51     ; --                      ; --                  ; 00:00:34                           ;
+----------------------+--------------+-------------------------+---------------------+------------------------------------+


+------------------------------------------------------------------------------------+
; Flow OS Summary                                                                    ;
+----------------------+------------------+------------+------------+----------------+
; Module Name          ; Machine Hostname ; OS Name    ; OS Version ; Processor type ;
+----------------------+------------------+------------+------------+----------------+
; Analysis & Synthesis ; GU605M-Stray     ; Windows 10 ; 10.0       ; x86_64         ;
; Fitter               ; GU605M-Stray     ; Windows 10 ; 10.0       ; x86_64         ;
; Assembler            ; GU605M-Stray     ; Windows 10 ; 10.0       ; x86_64         ;
; Timing Analyzer      ; GU605M-Stray     ; Windows 10 ; 10.0       ; x86_64         ;
; EDA Netlist Writer   ; GU605M-Stray     ; Windows 10 ; 10.0       ; x86_64         ;
+----------------------+------------------+------------+------------+----------------+


------------
; Flow Log ;
------------
quartus_map --read_settings_files=on --write_settings_files=off Final -c Final
quartus_fit --read_settings_files=off --write_settings_files=off Final -c Final
quartus_asm --read_settings_files=off --write_settings_files=off Final -c Final
quartus_sta Final -c Final
quartus_eda --read_settings_files=off --write_settings_files=off Final -c Final



