19:27:29 **** Incremental Build of configuration Nios II for project Final_8 ****
make all 
Info: Building ../Final_8_bsp/
C:/intelFPGA_lite/18.0/nios2eds/bin/gnu/H-x86_64-mingw32/bin/make --no-print-directory -C ../Final_8_bsp/
[BSP build complete]
[Final_8 build complete]

19:27:30 Build Finished (took 648ms)

19:27:37 **** Incremental Build of configuration Nios II for project Final_8 ****
make all 
Info: Building ../Final_8_bsp/
C:/intelFPGA_lite/18.0/nios2eds/bin/gnu/H-x86_64-mingw32/bin/make --no-print-directory -C ../Final_8_bsp/
[BSP build complete]
[Final_8 build complete]
19:34:31 **** Incremental Build of configuration Nios II for project Final_8 ****
make all 
Info: Building ../Final_8_bsp/
C:/intelFPGA_lite/18.0/nios2eds/bin/gnu/H-x86_64-mingw32/bin/make --no-print-directory -C ../Final_8_bsp/
[BSP build complete]
[Final_8 build complete]
19:36:11 **** Incremental Build of configuration Nios II for project Final_8 ****
make all 
Info: Building ../Final_8_bsp/
C:/intelFPGA_lite/18.0/nios2eds/bin/gnu/H-x86_64-mingw32/bin/make --no-print-directory -C ../Final_8_bsp/
[BSP build complete]
[Final_8 build complete]
20:51:02 **** Incremental Build of configuration Nios II for project Final_8 ****
make all 
Info: Building ../Final_8_bsp/
C:/intelFPGA_lite/18.0/nios2eds/bin/gnu/H-x86_64-mingw32/bin/make --no-print-directory -C ../Final_8_bsp/
[BSP build complete]
[Final_8 build complete]
21:04:06 **** Incremental Build of configuration Nios II for project Final_8 ****
make all 
Info: Building ../Final_8_bsp/
C:/intelFPGA_lite/18.0/nios2eds/bin/gnu/H-x86_64-mingw32/bin/make --no-print-directory -C ../Final_8_bsp/
[BSP build complete]
[Final_8 build complete]
21:08:05 **** Incremental Build of configuration Nios II for project Final_8 ****
make all 
Info: Building ../Final_8_bsp/
C:/intelFPGA_lite/18.0/nios2eds/bin/gnu/H-x86_64-mingw32/bin/make --no-print-directory -C ../Final_8_bsp/
[BSP build complete]
[Final_8 build complete]
21:14:27 **** Incremental Build of configuration Nios II for project Final_8 ****
make all 
Info: Building ../Final_8_bsp/
C:/intelFPGA_lite/18.0/nios2eds/bin/gnu/H-x86_64-mingw32/bin/make --no-print-directory -C ../Final_8_bsp/
[BSP build complete]
[Final_8 build complete]
21:19:15 **** Incremental Build of configuration Nios II for project Final_8 ****
make all 
Info: Building ../Final_8_bsp/
C:/intelFPGA_lite/18.0/nios2eds/bin/gnu/H-x86_64-mingw32/bin/make --no-print-directory -C ../Final_8_bsp/
[BSP build complete]
[Final_8 build complete]
21:22:07 **** Incremental Build of configuration Nios II for project Final_8 ****
make all 
Info: Building ../Final_8_bsp/
C:/intelFPGA_lite/18.0/nios2eds/bin/gnu/H-x86_64-mingw32/bin/make --no-print-directory -C ../Final_8_bsp/
[BSP build complete]
[Final_8 build complete]
21:26:29 **** Incremental Build of configuration Nios II for project Final_8 ****
make all 
Info: Building ../Final_8_bsp/
C:/intelFPGA_lite/18.0/nios2eds/bin/gnu/H-x86_64-mingw32/bin/make --no-print-directory -C ../Final_8_bsp/
[BSP build complete]
[Final_8 build complete]
21:28:00 **** Incremental Build of configuration Nios II for project Final_8 ****
make all 
Info: Building ../Final_8_bsp/
C:/intelFPGA_lite/18.0/nios2eds/bin/gnu/H-x86_64-mingw32/bin/make --no-print-directory -C ../Final_8_bsp/
[BSP build complete]
[Final_8 build complete]
21:31:02 **** Incremental Build of configuration Nios II for project Final_8 ****
make all 
Info: Building ../Final_8_bsp/
C:/intelFPGA_lite/18.0/nios2eds/bin/gnu/H-x86_64-mingw32/bin/make --no-print-directory -C ../Final_8_bsp/
[BSP build complete]
[Final_8 build complete]
21:32:58 **** Incremental Build of configuration Nios II for project Final_8 ****
make all 
Info: Building ../Final_8_bsp/
C:/intelFPGA_lite/18.0/nios2eds/bin/gnu/H-x86_64-mingw32/bin/make --no-print-directory -C ../Final_8_bsp/
[BSP build complete]
[Final_8 build complete]
21:35:17 **** Incremental Build of configuration Nios II for project Final_8 ****
make all 
Info: Building ../Final_8_bsp/
C:/intelFPGA_lite/18.0/nios2eds/bin/gnu/H-x86_64-mingw32/bin/make --no-print-directory -C ../Final_8_bsp/
[BSP build complete]
[Final_8 build complete]
21:38:55 **** Incremental Build of configuration Nios II for project Final_8 ****
make all 
Info: Building ../Final_8_bsp/
C:/intelFPGA_lite/18.0/nios2eds/bin/gnu/H-x86_64-mingw32/bin/make --no-print-directory -C ../Final_8_bsp/
[BSP build complete]
[Final_8 build complete]
21:43:38 **** Incremental Build of configuration Nios II for project Final_8 ****
make all 
Info: Building ../Final_8_bsp/
C:/intelFPGA_lite/18.0/nios2eds/bin/gnu/H-x86_64-mingw32/bin/make --no-print-directory -C ../Final_8_bsp/
[BSP build complete]
[Final_8 build complete]
21:51:20 **** Incremental Build of configuration Nios II for project Final_8 ****
make all 
Info: Building ../Final_8_bsp/
C:/intelFPGA_lite/18.0/nios2eds/bin/gnu/H-x86_64-mingw32/bin/make --no-print-directory -C ../Final_8_bsp/
[BSP build complete]
[Final_8 build complete]
14:47:57 **** Clean-only build of configuration Nios II for project branch2_bsp ****
make clean 
[BSP clean complete]
14:48:04 **** Clean-only build of configuration Nios II for project branch2 ****
make clean 
[branch2 clean complete]
