!SESSION 2024-04-10 20:19:02.448 -----------------------------------------------
eclipse.buildId=4.5.2.M20160212-1500
java.version=1.8.0_05
java.vendor=Oracle Corporation
BootLoader constants: OS=win32, ARCH=x86_64, WS=win32, NL=zh_CN
Framework arguments:  -product org.eclipse.epp.package.cpp.product -pluginCustomization C:/intelfpga_lite/18.1/nios2eds/bin/eclipse_nios2/plugin_customization.ini
Command-line arguments:  -os win32 -ws win32 -arch x86_64 -product org.eclipse.epp.package.cpp.product -pluginCustomization C:/intelfpga_lite/18.1/nios2eds/bin/eclipse_nios2/plugin_customization.ini

!ENTRY org.eclipse.epp.logging.aeri.ide 2 16 2024-04-10 20:19:51.213
!MESSAGE Server ‘org.eclipse.epp.logging.aeri.ide.server’ failed with exception: java.lang.IllegalStateException: Expected BEGIN_OBJECT but was STRING at line 1 column 1. ; version: 1.100.0.v20160217-0435
!STACK 0
com.google.gson.JsonSyntaxException: java.lang.IllegalStateException: Expected BEGIN_OBJECT but was STRING at line 1 column 1
	at com.google.gson.internal.bind.ReflectiveTypeAdapterFactory$Adapter.read(ReflectiveTypeAdapterFactory.java:176)
	at com.google.gson.Gson.fromJson(Gson.java:803)
	at com.google.gson.Gson.fromJson(Gson.java:768)
	at com.google.gson.Gson.fromJson(Gson.java:717)
	at org.eclipse.epp.internal.logging.aeri.ide.server.json.Json.deserialize(Json.java:88)
	at org.eclipse.epp.internal.logging.aeri.ide.server.mars.IO.refreshConfiguration(IO.java:70)
	at org.eclipse.epp.internal.logging.aeri.ide.server.mars.ServerConnection.startUp(ServerConnection.java:101)
	at com.google.common.util.concurrent.AbstractIdleService$2$1.run(AbstractIdleService.java:54)
	at com.google.common.util.concurrent.Callables$3.run(Callables.java:93)
	at java.lang.Thread.run(Unknown Source)
Caused by: java.lang.IllegalStateException: Expected BEGIN_OBJECT but was STRING at line 1 column 1
	at com.google.gson.stream.JsonReader.beginObject(JsonReader.java:374)
	at com.google.gson.internal.bind.ReflectiveTypeAdapterFactory$Adapter.read(ReflectiveTypeAdapterFactory.java:165)
	... 9 more
!SESSION 2024-04-10 20:25:52.581 -----------------------------------------------
eclipse.buildId=4.5.2.M20160212-1500
java.version=1.8.0_05
java.vendor=Oracle Corporation
BootLoader constants: OS=win32, ARCH=x86_64, WS=win32, NL=zh_CN
Framework arguments:  -product org.eclipse.epp.package.cpp.product -pluginCustomization C:/intelfpga_lite/18.1/nios2eds/bin/eclipse_nios2/plugin_customization.ini
Command-line arguments:  -os win32 -ws win32 -arch x86_64 -product org.eclipse.epp.package.cpp.product -pluginCustomization C:/intelfpga_lite/18.1/nios2eds/bin/eclipse_nios2/plugin_customization.ini

!ENTRY org.eclipse.epp.logging.aeri.ide 2 16 2024-04-10 20:26:07.008
!MESSAGE Server ‘org.eclipse.epp.logging.aeri.ide.server’ failed with exception: java.lang.IllegalStateException: Expected BEGIN_OBJECT but was STRING at line 1 column 1. ; version: 1.100.0.v20160217-0435
!STACK 0
com.google.gson.JsonSyntaxException: java.lang.IllegalStateException: Expected BEGIN_OBJECT but was STRING at line 1 column 1
	at com.google.gson.internal.bind.ReflectiveTypeAdapterFactory$Adapter.read(ReflectiveTypeAdapterFactory.java:176)
	at com.google.gson.Gson.fromJson(Gson.java:803)
	at com.google.gson.Gson.fromJson(Gson.java:768)
	at com.google.gson.Gson.fromJson(Gson.java:717)
	at org.eclipse.epp.internal.logging.aeri.ide.server.json.Json.deserialize(Json.java:88)
	at org.eclipse.epp.internal.logging.aeri.ide.server.mars.IO.refreshConfiguration(IO.java:70)
	at org.eclipse.epp.internal.logging.aeri.ide.server.mars.ServerConnection.startUp(ServerConnection.java:101)
	at com.google.common.util.concurrent.AbstractIdleService$2$1.run(AbstractIdleService.java:54)
	at com.google.common.util.concurrent.Callables$3.run(Callables.java:93)
	at java.lang.Thread.run(Unknown Source)
Caused by: java.lang.IllegalStateException: Expected BEGIN_OBJECT but was STRING at line 1 column 1
	at com.google.gson.stream.JsonReader.beginObject(JsonReader.java:374)
	at com.google.gson.internal.bind.ReflectiveTypeAdapterFactory$Adapter.read(ReflectiveTypeAdapterFactory.java:165)
	... 9 more

!ENTRY org.eclipse.cdt.core 1 0 2024-04-10 20:28:36.902
!MESSAGE Indexed 'usb_kb_bsp' (80 sources, 62 headers) in 1.17 sec: 1,190 declarations; 2,486 references; 110 unresolved inclusions; 6 syntax errors; 191 unresolved names (4.9%)

!ENTRY org.eclipse.cdt.core 1 0 2024-04-10 20:28:39.486
!MESSAGE Indexed 'usb_kb' (0 sources, 0 headers) in 0 sec: 0 declarations; 0 references; 0 unresolved inclusions; 0 syntax errors; 0 unresolved names (0%)
!SESSION 2024-04-10 21:11:20.332 -----------------------------------------------
eclipse.buildId=4.5.2.M20160212-1500
java.version=1.8.0_05
java.vendor=Oracle Corporation
BootLoader constants: OS=win32, ARCH=x86_64, WS=win32, NL=zh_CN
Framework arguments:  -product org.eclipse.epp.package.cpp.product -pluginCustomization C:/intelfpga_lite/18.1/nios2eds/bin/eclipse_nios2/plugin_customization.ini
Command-line arguments:  -os win32 -ws win32 -arch x86_64 -product org.eclipse.epp.package.cpp.product -pluginCustomization C:/intelfpga_lite/18.1/nios2eds/bin/eclipse_nios2/plugin_customization.ini

!ENTRY org.eclipse.core.resources 2 10035 2024-04-10 21:11:24.785
!MESSAGE The workspace exited with unsaved changes in the previous session; refreshing workspace to recover changes.

!ENTRY org.eclipse.epp.logging.aeri.ide 2 16 2024-04-10 21:11:34.978
!MESSAGE Server ‘org.eclipse.epp.logging.aeri.ide.server’ failed with exception: java.lang.IllegalStateException: Expected BEGIN_OBJECT but was STRING at line 1 column 1. ; version: 1.100.0.v20160217-0435
!STACK 0
com.google.gson.JsonSyntaxException: java.lang.IllegalStateException: Expected BEGIN_OBJECT but was STRING at line 1 column 1
	at com.google.gson.internal.bind.ReflectiveTypeAdapterFactory$Adapter.read(ReflectiveTypeAdapterFactory.java:176)
	at com.google.gson.Gson.fromJson(Gson.java:803)
	at com.google.gson.Gson.fromJson(Gson.java:768)
	at com.google.gson.Gson.fromJson(Gson.java:717)
	at org.eclipse.epp.internal.logging.aeri.ide.server.json.Json.deserialize(Json.java:88)
	at org.eclipse.epp.internal.logging.aeri.ide.server.mars.IO.refreshConfiguration(IO.java:70)
	at org.eclipse.epp.internal.logging.aeri.ide.server.mars.ServerConnection.startUp(ServerConnection.java:101)
	at com.google.common.util.concurrent.AbstractIdleService$2$1.run(AbstractIdleService.java:54)
	at com.google.common.util.concurrent.Callables$3.run(Callables.java:93)
	at java.lang.Thread.run(Unknown Source)
Caused by: java.lang.IllegalStateException: Expected BEGIN_OBJECT but was STRING at line 1 column 1
	at com.google.gson.stream.JsonReader.beginObject(JsonReader.java:374)
	at com.google.gson.internal.bind.ReflectiveTypeAdapterFactory$Adapter.read(ReflectiveTypeAdapterFactory.java:165)
	... 9 more
!SESSION 2024-04-11 13:08:51.882 -----------------------------------------------
eclipse.buildId=4.5.2.M20160212-1500
java.version=1.8.0_05
java.vendor=Oracle Corporation
BootLoader constants: OS=win32, ARCH=x86_64, WS=win32, NL=zh_CN
Framework arguments:  -product org.eclipse.epp.package.cpp.product -pluginCustomization C:/intelfpga_lite/18.0/nios2eds/bin/eclipse_nios2/plugin_customization.ini
Command-line arguments:  -os win32 -ws win32 -arch x86_64 -product org.eclipse.epp.package.cpp.product -pluginCustomization C:/intelfpga_lite/18.0/nios2eds/bin/eclipse_nios2/plugin_customization.ini

!ENTRY org.eclipse.core.resources 4 567 2024-04-11 13:09:48.582
!MESSAGE Workspace restored, but some problems occurred.
!SUBENTRY 1 org.eclipse.core.resources 4 567 2024-04-11 13:09:48.582
!MESSAGE Could not read metadata for 'usb_kb'.
!STACK 1
org.eclipse.core.internal.resources.ResourceException: The project description file (.project) for 'usb_kb' is missing.  This file contains important information about the project.  The project will not function properly until this file is restored.
	at org.eclipse.core.internal.localstore.FileSystemResourceManager.read(FileSystemResourceManager.java:888)
	at org.eclipse.core.internal.resources.SaveManager.restoreMetaInfo(SaveManager.java:902)
	at org.eclipse.core.internal.resources.SaveManager.restoreMetaInfo(SaveManager.java:882)
	at org.eclipse.core.internal.resources.SaveManager.restore(SaveManager.java:733)
	at org.eclipse.core.internal.resources.SaveManager.startup(SaveManager.java:1588)
	at org.eclipse.core.internal.resources.Workspace.startup(Workspace.java:2386)
	at org.eclipse.core.internal.resources.Workspace.open(Workspace.java:2157)
	at org.eclipse.core.resources.ResourcesPlugin.start(ResourcesPlugin.java:463)
	at org.eclipse.osgi.internal.framework.BundleContextImpl$3.run(BundleContextImpl.java:771)
	at org.eclipse.osgi.internal.framework.BundleContextImpl$3.run(BundleContextImpl.java:1)
	at java.security.AccessController.doPrivileged(Native Method)
	at org.eclipse.osgi.internal.framework.BundleContextImpl.startActivator(BundleContextImpl.java:764)
	at org.eclipse.osgi.internal.framework.BundleContextImpl.start(BundleContextImpl.java:721)
	at org.eclipse.osgi.internal.framework.EquinoxBundle.startWorker0(EquinoxBundle.java:941)
	at org.eclipse.osgi.internal.framework.EquinoxBundle$EquinoxModule.startWorker(EquinoxBundle.java:318)
	at org.eclipse.osgi.container.Module.doStart(Module.java:571)
	at org.eclipse.osgi.container.Module.start(Module.java:439)
	at org.eclipse.osgi.framework.util.SecureAction.start(SecureAction.java:454)
	at org.eclipse.osgi.internal.hooks.EclipseLazyStarter.postFindLocalClass(EclipseLazyStarter.java:107)
	at org.eclipse.osgi.internal.loader.classpath.ClasspathManager.findLocalClass(ClasspathManager.java:531)
	at org.eclipse.osgi.internal.loader.ModuleClassLoader.findLocalClass(ModuleClassLoader.java:324)
	at org.eclipse.osgi.internal.loader.BundleLoader.findLocalClass(BundleLoader.java:327)
	at org.eclipse.osgi.internal.loader.sources.SingleSourcePackage.loadClass(SingleSourcePackage.java:36)
	at org.eclipse.osgi.internal.loader.BundleLoader.findClassInternal(BundleLoader.java:398)
	at org.eclipse.osgi.internal.loader.BundleLoader.findClass(BundleLoader.java:352)
	at org.eclipse.osgi.internal.loader.BundleLoader.findClass(BundleLoader.java:344)
	at org.eclipse.osgi.internal.loader.ModuleClassLoader.loadClass(ModuleClassLoader.java:160)
	at java.lang.ClassLoader.loadClass(Unknown Source)
	at org.eclipse.ui.internal.ide.application.IDEApplication.start(IDEApplication.java:140)
	at org.eclipse.equinox.internal.app.EclipseAppHandle.run(EclipseAppHandle.java:196)
	at org.eclipse.core.runtime.internal.adaptor.EclipseAppLauncher.runApplication(EclipseAppLauncher.java:134)
	at org.eclipse.core.runtime.internal.adaptor.EclipseAppLauncher.start(EclipseAppLauncher.java:104)
	at org.eclipse.core.runtime.adaptor.EclipseStarter.run(EclipseStarter.java:380)
	at org.eclipse.core.runtime.adaptor.EclipseStarter.run(EclipseStarter.java:235)
	at sun.reflect.NativeMethodAccessorImpl.invoke0(Native Method)
	at sun.reflect.NativeMethodAccessorImpl.invoke(Unknown Source)
	at sun.reflect.DelegatingMethodAccessorImpl.invoke(Unknown Source)
	at java.lang.reflect.Method.invoke(Unknown Source)
	at org.eclipse.equinox.launcher.Main.invokeFramework(Main.java:669)
	at org.eclipse.equinox.launcher.Main.basicRun(Main.java:608)
	at org.eclipse.equinox.launcher.Main.run(Main.java:1515)
	at org.eclipse.equinox.launcher.Main.main(Main.java:1488)
!SUBENTRY 2 org.eclipse.core.resources 4 567 2024-04-11 13:09:48.582
!MESSAGE The project description file (.project) for 'usb_kb' is missing.  This file contains important information about the project.  The project will not function properly until this file is restored.
!SUBENTRY 1 org.eclipse.core.resources 4 567 2024-04-11 13:09:48.582
!MESSAGE Could not read metadata for 'usb_kb_bsp'.
!STACK 1
org.eclipse.core.internal.resources.ResourceException: The project description file (.project) for 'usb_kb_bsp' is missing.  This file contains important information about the project.  The project will not function properly until this file is restored.
	at org.eclipse.core.internal.localstore.FileSystemResourceManager.read(FileSystemResourceManager.java:888)
	at org.eclipse.core.internal.resources.SaveManager.restoreMetaInfo(SaveManager.java:902)
	at org.eclipse.core.internal.resources.SaveManager.restoreMetaInfo(SaveManager.java:882)
	at org.eclipse.core.internal.resources.SaveManager.restore(SaveManager.java:733)
	at org.eclipse.core.internal.resources.SaveManager.startup(SaveManager.java:1588)
	at org.eclipse.core.internal.resources.Workspace.startup(Workspace.java:2386)
	at org.eclipse.core.internal.resources.Workspace.open(Workspace.java:2157)
	at org.eclipse.core.resources.ResourcesPlugin.start(ResourcesPlugin.java:463)
	at org.eclipse.osgi.internal.framework.BundleContextImpl$3.run(BundleContextImpl.java:771)
	at org.eclipse.osgi.internal.framework.BundleContextImpl$3.run(BundleContextImpl.java:1)
	at java.security.AccessController.doPrivileged(Native Method)
	at org.eclipse.osgi.internal.framework.BundleContextImpl.startActivator(BundleContextImpl.java:764)
	at org.eclipse.osgi.internal.framework.BundleContextImpl.start(BundleContextImpl.java:721)
	at org.eclipse.osgi.internal.framework.EquinoxBundle.startWorker0(EquinoxBundle.java:941)
	at org.eclipse.osgi.internal.framework.EquinoxBundle$EquinoxModule.startWorker(EquinoxBundle.java:318)
	at org.eclipse.osgi.container.Module.doStart(Module.java:571)
	at org.eclipse.osgi.container.Module.start(Module.java:439)
	at org.eclipse.osgi.framework.util.SecureAction.start(SecureAction.java:454)
	at org.eclipse.osgi.internal.hooks.EclipseLazyStarter.postFindLocalClass(EclipseLazyStarter.java:107)
	at org.eclipse.osgi.internal.loader.classpath.ClasspathManager.findLocalClass(ClasspathManager.java:531)
	at org.eclipse.osgi.internal.loader.ModuleClassLoader.findLocalClass(ModuleClassLoader.java:324)
	at org.eclipse.osgi.internal.loader.BundleLoader.findLocalClass(BundleLoader.java:327)
	at org.eclipse.osgi.internal.loader.sources.SingleSourcePackage.loadClass(SingleSourcePackage.java:36)
	at org.eclipse.osgi.internal.loader.BundleLoader.findClassInternal(BundleLoader.java:398)
	at org.eclipse.osgi.internal.loader.BundleLoader.findClass(BundleLoader.java:352)
	at org.eclipse.osgi.internal.loader.BundleLoader.findClass(BundleLoader.java:344)
	at org.eclipse.osgi.internal.loader.ModuleClassLoader.loadClass(ModuleClassLoader.java:160)
	at java.lang.ClassLoader.loadClass(Unknown Source)
	at org.eclipse.ui.internal.ide.application.IDEApplication.start(IDEApplication.java:140)
	at org.eclipse.equinox.internal.app.EclipseAppHandle.run(EclipseAppHandle.java:196)
	at org.eclipse.core.runtime.internal.adaptor.EclipseAppLauncher.runApplication(EclipseAppLauncher.java:134)
	at org.eclipse.core.runtime.internal.adaptor.EclipseAppLauncher.start(EclipseAppLauncher.java:104)
	at org.eclipse.core.runtime.adaptor.EclipseStarter.run(EclipseStarter.java:380)
	at org.eclipse.core.runtime.adaptor.EclipseStarter.run(EclipseStarter.java:235)
	at sun.reflect.NativeMethodAccessorImpl.invoke0(Native Method)
	at sun.reflect.NativeMethodAccessorImpl.invoke(Unknown Source)
	at sun.reflect.DelegatingMethodAccessorImpl.invoke(Unknown Source)
	at java.lang.reflect.Method.invoke(Unknown Source)
	at org.eclipse.equinox.launcher.Main.invokeFramework(Main.java:669)
	at org.eclipse.equinox.launcher.Main.basicRun(Main.java:608)
	at org.eclipse.equinox.launcher.Main.run(Main.java:1515)
	at org.eclipse.equinox.launcher.Main.main(Main.java:1488)
!SUBENTRY 2 org.eclipse.core.resources 4 567 2024-04-11 13:09:48.582
!MESSAGE The project description file (.project) for 'usb_kb_bsp' is missing.  This file contains important information about the project.  The project will not function properly until this file is restored.

!ENTRY org.eclipse.epp.logging.aeri.ide 2 16 2024-04-11 13:09:57.002
!MESSAGE Server ‘org.eclipse.epp.logging.aeri.ide.server’ failed with exception: java.lang.IllegalStateException: Expected BEGIN_OBJECT but was STRING at line 1 column 1. ; version: 1.100.0.v20160217-0435
!STACK 0
com.google.gson.JsonSyntaxException: java.lang.IllegalStateException: Expected BEGIN_OBJECT but was STRING at line 1 column 1
	at com.google.gson.internal.bind.ReflectiveTypeAdapterFactory$Adapter.read(ReflectiveTypeAdapterFactory.java:176)
	at com.google.gson.Gson.fromJson(Gson.java:803)
	at com.google.gson.Gson.fromJson(Gson.java:768)
	at com.google.gson.Gson.fromJson(Gson.java:717)
	at org.eclipse.epp.internal.logging.aeri.ide.server.json.Json.deserialize(Json.java:88)
	at org.eclipse.epp.internal.logging.aeri.ide.server.mars.IO.refreshConfiguration(IO.java:70)
	at org.eclipse.epp.internal.logging.aeri.ide.server.mars.ServerConnection.startUp(ServerConnection.java:101)
	at com.google.common.util.concurrent.AbstractIdleService$2$1.run(AbstractIdleService.java:54)
	at com.google.common.util.concurrent.Callables$3.run(Callables.java:93)
	at java.lang.Thread.run(Unknown Source)
Caused by: java.lang.IllegalStateException: Expected BEGIN_OBJECT but was STRING at line 1 column 1
	at com.google.gson.stream.JsonReader.beginObject(JsonReader.java:374)
	at com.google.gson.internal.bind.ReflectiveTypeAdapterFactory$Adapter.read(ReflectiveTypeAdapterFactory.java:165)
	... 9 more

!ENTRY org.eclipse.core.resources 4 567 2024-04-11 13:09:58.427
!MESSAGE The project description file (.project) for 'usb_kb_bsp' is missing.  This file contains important information about the project.  The project will not function properly until this file is restored.

!ENTRY org.eclipse.core.resources 4 567 2024-04-11 13:10:07.656
!MESSAGE The project description file (.project) for 'usb_kb' is missing.  This file contains important information about the project.  The project will not function properly until this file is restored.
!SESSION 2024-04-11 13:10:26.794 -----------------------------------------------
eclipse.buildId=4.5.2.M20160212-1500
java.version=1.8.0_05
java.vendor=Oracle Corporation
BootLoader constants: OS=win32, ARCH=x86_64, WS=win32, NL=zh_CN
Framework arguments:  -product org.eclipse.epp.package.cpp.product -pluginCustomization C:/intelfpga_lite/18.1/nios2eds/bin/eclipse_nios2/plugin_customization.ini
Command-line arguments:  -os win32 -ws win32 -arch x86_64 -product org.eclipse.epp.package.cpp.product -pluginCustomization C:/intelfpga_lite/18.1/nios2eds/bin/eclipse_nios2/plugin_customization.ini

!ENTRY org.eclipse.epp.logging.aeri.ide 2 16 2024-04-11 13:11:37.131
!MESSAGE Server ‘org.eclipse.epp.logging.aeri.ide.server’ failed with exception: java.lang.IllegalStateException: Expected BEGIN_OBJECT but was STRING at line 1 column 1. ; version: 1.100.0.v20160217-0435
!STACK 0
com.google.gson.JsonSyntaxException: java.lang.IllegalStateException: Expected BEGIN_OBJECT but was STRING at line 1 column 1
	at com.google.gson.internal.bind.ReflectiveTypeAdapterFactory$Adapter.read(ReflectiveTypeAdapterFactory.java:176)
	at com.google.gson.Gson.fromJson(Gson.java:803)
	at com.google.gson.Gson.fromJson(Gson.java:768)
	at com.google.gson.Gson.fromJson(Gson.java:717)
	at org.eclipse.epp.internal.logging.aeri.ide.server.json.Json.deserialize(Json.java:88)
	at org.eclipse.epp.internal.logging.aeri.ide.server.mars.IO.refreshConfiguration(IO.java:70)
	at org.eclipse.epp.internal.logging.aeri.ide.server.mars.ServerConnection.startUp(ServerConnection.java:101)
	at com.google.common.util.concurrent.AbstractIdleService$2$1.run(AbstractIdleService.java:54)
	at com.google.common.util.concurrent.Callables$3.run(Callables.java:93)
	at java.lang.Thread.run(Unknown Source)
Caused by: java.lang.IllegalStateException: Expected BEGIN_OBJECT but was STRING at line 1 column 1
	at com.google.gson.stream.JsonReader.beginObject(JsonReader.java:374)
	at com.google.gson.internal.bind.ReflectiveTypeAdapterFactory$Adapter.read(ReflectiveTypeAdapterFactory.java:165)
	... 9 more

!ENTRY org.eclipse.core.resources 4 567 2024-04-11 15:13:55.975
!MESSAGE The project description file (.project) for 'usb_kb_bsp' is missing.  This file contains important information about the project.  The project will not function properly until this file is restored.
!SESSION 2024-04-11 15:18:28.743 -----------------------------------------------
eclipse.buildId=4.5.2.M20160212-1500
java.version=1.8.0_05
java.vendor=Oracle Corporation
BootLoader constants: OS=win32, ARCH=x86_64, WS=win32, NL=zh_CN
Framework arguments:  -product org.eclipse.epp.package.cpp.product -pluginCustomization C:/intelfpga_lite/18.1/nios2eds/bin/eclipse_nios2/plugin_customization.ini
Command-line arguments:  -os win32 -ws win32 -arch x86_64 -product org.eclipse.epp.package.cpp.product -pluginCustomization C:/intelfpga_lite/18.1/nios2eds/bin/eclipse_nios2/plugin_customization.ini

!ENTRY org.eclipse.epp.logging.aeri.ide 2 16 2024-04-11 15:18:42.188
!MESSAGE Server ‘org.eclipse.epp.logging.aeri.ide.server’ failed with exception: java.lang.IllegalStateException: Expected BEGIN_OBJECT but was STRING at line 1 column 1. ; version: 1.100.0.v20160217-0435
!STACK 0
com.google.gson.JsonSyntaxException: java.lang.IllegalStateException: Expected BEGIN_OBJECT but was STRING at line 1 column 1
	at com.google.gson.internal.bind.ReflectiveTypeAdapterFactory$Adapter.read(ReflectiveTypeAdapterFactory.java:176)
	at com.google.gson.Gson.fromJson(Gson.java:803)
	at com.google.gson.Gson.fromJson(Gson.java:768)
	at com.google.gson.Gson.fromJson(Gson.java:717)
	at org.eclipse.epp.internal.logging.aeri.ide.server.json.Json.deserialize(Json.java:88)
	at org.eclipse.epp.internal.logging.aeri.ide.server.mars.IO.refreshConfiguration(IO.java:70)
	at org.eclipse.epp.internal.logging.aeri.ide.server.mars.ServerConnection.startUp(ServerConnection.java:101)
	at com.google.common.util.concurrent.AbstractIdleService$2$1.run(AbstractIdleService.java:54)
	at com.google.common.util.concurrent.Callables$3.run(Callables.java:93)
	at java.lang.Thread.run(Unknown Source)
Caused by: java.lang.IllegalStateException: Expected BEGIN_OBJECT but was STRING at line 1 column 1
	at com.google.gson.stream.JsonReader.beginObject(JsonReader.java:374)
	at com.google.gson.internal.bind.ReflectiveTypeAdapterFactory$Adapter.read(ReflectiveTypeAdapterFactory.java:165)
	... 9 more

!ENTRY com.altera.sbtgui.launch 1 0 2024-04-11 15:19:25.551
!MESSAGE Executing: [C:/intelfpga_lite/18.1/quartus\bin64\cygwin\bin\bash.exe, -c, nios2-download '--cable=USB-Blaster on localhost [USB-0]' --device=1 --instance=0 --stop --sidp=0xd0 --id=0x0 --timestamp=1712815231]

!ENTRY com.altera.sbtgui.launch 1 0 2024-04-11 15:19:27.727
!MESSAGE Executing: [C:/intelfpga_lite/18.1/quartus\bin64\cygwin\bin\bash.exe, -c, nios2-download '--cable=USB-Blaster on localhost [USB-0]' --device=1 --instance=0 --go --sidp=0xd0 --id=0x0 --timestamp=1712815231 /cygdrive/c/Users/kangx/Documents/_Project/ECE_385_sp24/lab8/software/usb_kb/usb_kb.elf]

!ENTRY com.altera.sbtgui.launch 1 0 2024-04-11 15:21:04.975
!MESSAGE Terminated Launch with connection: 10USB-Blaster on localhost [USB-0]

!ENTRY com.altera.sbtgui.launch 1 0 2024-04-11 15:21:05.742
!MESSAGE Executing: [C:/intelfpga_lite/18.1/quartus\bin64\cygwin\bin\bash.exe, -c, nios2-download '--cable=USB-Blaster on localhost [USB-0]' --device=1 --instance=0 --stop --sidp=0xd0 --id=0x0 --timestamp=1712815231]

!ENTRY com.altera.sbtgui.launch 1 0 2024-04-11 15:21:08.053
!MESSAGE Executing: [C:/intelfpga_lite/18.1/quartus\bin64\cygwin\bin\bash.exe, -c, nios2-download '--cable=USB-Blaster on localhost [USB-0]' --device=1 --instance=0 --go --sidp=0xd0 --id=0x0 --timestamp=1712815231 /cygdrive/c/Users/kangx/Documents/_Project/ECE_385_sp24/lab8/software/usb_kb/usb_kb.elf]

!ENTRY com.altera.sbtgui.launch 1 0 2024-04-11 15:21:35.158
!MESSAGE Terminated Launch with connection: 10USB-Blaster on localhost [USB-0]

!ENTRY com.altera.sbtgui.launch 1 0 2024-04-11 15:21:35.860
!MESSAGE Executing: [C:/intelfpga_lite/18.1/quartus\bin64\cygwin\bin\bash.exe, -c, nios2-download '--cable=USB-Blaster on localhost [USB-0]' --device=1 --instance=0 --stop --sidp=0xd0 --id=0x0 --timestamp=1712815231]

!ENTRY com.altera.sbtgui.launch 1 0 2024-04-11 15:21:38.076
!MESSAGE Executing: [C:/intelfpga_lite/18.1/quartus\bin64\cygwin\bin\bash.exe, -c, nios2-download '--cable=USB-Blaster on localhost [USB-0]' --device=1 --instance=0 --go --sidp=0xd0 --id=0x0 --timestamp=1712815231 /cygdrive/c/Users/kangx/Documents/_Project/ECE_385_sp24/lab8/software/usb_kb/usb_kb.elf]

!ENTRY com.altera.sbtgui.launch 1 0 2024-04-11 15:22:46.597
!MESSAGE Terminated Launch with connection: 10USB-Blaster on localhost [USB-0]

!ENTRY com.altera.sbtgui.launch 1 0 2024-04-11 15:22:47.335
!MESSAGE Executing: [C:/intelfpga_lite/18.1/quartus\bin64\cygwin\bin\bash.exe, -c, nios2-download '--cable=USB-Blaster on localhost [USB-0]' --device=1 --instance=0 --stop --sidp=0xd0 --id=0x0 --timestamp=1712815231]

!ENTRY com.altera.sbtgui.launch 1 0 2024-04-11 15:22:49.707
!MESSAGE Executing: [C:/intelfpga_lite/18.1/quartus\bin64\cygwin\bin\bash.exe, -c, nios2-download '--cable=USB-Blaster on localhost [USB-0]' --device=1 --instance=0 --go --sidp=0xd0 --id=0x0 --timestamp=1712815231 /cygdrive/c/Users/kangx/Documents/_Project/ECE_385_sp24/lab8/software/usb_kb/usb_kb.elf]

!ENTRY com.altera.sbtgui.launch 1 0 2024-04-11 15:30:57.144
!MESSAGE Terminated Launch with connection: 10USB-Blaster on localhost [USB-0]

!ENTRY com.altera.sbtgui.launch 1 0 2024-04-11 15:30:58.013
!MESSAGE Executing: [C:/intelfpga_lite/18.1/quartus\bin64\cygwin\bin\bash.exe, -c, nios2-download '--cable=USB-Blaster on localhost [USB-0]' --device=1 --instance=0 --stop --sidp=0xd0 --id=0x0 --timestamp=1712820270]

!ENTRY com.altera.sbtgui.launch 1 0 2024-04-11 15:31:00.285
!MESSAGE Executing: [C:/intelfpga_lite/18.1/quartus\bin64\cygwin\bin\bash.exe, -c, nios2-download '--cable=USB-Blaster on localhost [USB-0]' --device=1 --instance=0 --go --sidp=0xd0 --id=0x0 --timestamp=1712820270 /cygdrive/c/Users/kangx/Documents/_Project/ECE_385_sp24/lab8/software/usb_kb/usb_kb.elf]
