14:50:05 **** Incremental Build of configuration Nios II for project lab9_app ****
make all 
Info: Building ../lab9_app_bsp/
C:/intelFPGA_lite/18.0/nios2eds/bin/gnu/H-x86_64-mingw32/bin/make --no-print-directory -C ../lab9_app_bsp/
[BSP build complete]
Info: Compiling main.c to obj/default/main.o
nios2-elf-gcc -xc -MP -MMD -c -I../lab9_app_bsp//HAL/inc -I../lab9_app_bsp/ -I../lab9_app_bsp//drivers/inc  -pipe -D__hal__ -DALT_NO_INSTRUCTION_EMULATION -DALT_SINGLE_THREADED    -O0 -g -Wall   -mno-hw-div -mno-hw-mul -mno-hw-mulx -mgpopt=global  -o obj/default/main.o main.c
In file included from main.c:4:0:
text_mode_vga_color.h:41:52: warning: initialization makes pointer from integer without a cast [-Wint-conversion]
 static volatile struct TEXT_VGA_STRUCT* vga_ctrl = 0x08000000;
                                                    ^
text_mode_vga_color.h:41:41: warning: 'vga_ctrl' defined but not used [-Wunused-variable]
 static volatile struct TEXT_VGA_STRUCT* vga_ctrl = 0x08000000;
                                         ^
text_mode_vga_color.h:44:21: warning: 'colors' defined but not used [-Wunused-variable]
 static struct COLOR colors[]={
                     ^
Info: Linking lab9_app.elf
nios2-elf-g++  -T'../lab9_app_bsp//linker.x' -msys-crt0='../lab9_app_bsp//obj/HAL/src/crt0.o' -msys-lib=hal_bsp -L../lab9_app_bsp/   -Wl,-Map=lab9_app.map   -O0 -g -Wall   -mno-hw-div -mno-hw-mul -mno-hw-mulx -mgpopt=global  -o lab9_app.elf obj/default/main.o obj/default/palette_test.o obj/default/text_mode_vga.o obj/default/text_mode_vga_color.o -lm -msys-lib=m
nios2-elf-insert lab9_app.elf --thread_model hal --cpu_name nios2_gen2_0 --qsys true --simulation_enabled false --id 0 --sidp 0x4098 --timestamp 1714112818 --stderr_dev jtag_uart_0 --stdin_dev jtag_uart_0 --stdout_dev jtag_uart_0 --sopc_system_name lab9_soc --quartus_project_dir "C:/Users/kangx/Documents/_Project/ECE_385_sp24/lab9" --jdi ../..//output_files/lab9.jdi --sopcinfo C:/Users/kangx/Documents/_Project/ECE_385_sp24/lab9/software/lab9_app_bsp/../../lab9_soc.sopcinfo
Info: (lab9_app.elf) 89 KBytes program size (code + initialized data).
Info:                130974 KBytes free for stack + heap.
Info: Creating lab9_app.objdump
nios2-elf-objdump --disassemble --syms --all-header --source lab9_app.elf >lab9_app.objdump
[lab9_app build complete]

14:50:07 Build Finished (took 1s.668ms)

