15:18:08 **** Incremental Build of configuration Nios II for project lab9_app ****
make all 
Info: Building ../lab9_app_bsp/
C:/intelFPGA_lite/18.0/nios2eds/bin/gnu/H-x86_64-mingw32/bin/make --no-print-directory -C ../lab9_app_bsp/
[BSP build complete]
Info: Compiling palette_test.c to obj/default/palette_test.o
nios2-elf-gcc -xc -MP -MMD -c -I../lab9_app_bsp//HAL/inc -I../lab9_app_bsp/ -I../lab9_app_bsp//drivers/inc  -pipe -D__hal__ -DALT_NO_INSTRUCTION_EMULATION -DALT_SINGLE_THREADED    -O0 -g -Wall   -mno-hw-div -mno-hw-mul -mno-hw-mulx -mgpopt=global  -o obj/default/palette_test.o palette_test.c
In file included from palette_test.c:8:0:
text_mode_vga_color.h:41:52: warning: initialization makes pointer from integer without a cast [-Wint-conversion]
 static volatile struct TEXT_VGA_STRUCT* vga_ctrl = 0x08000000;
                                                    ^
palette_test.c: In function 'paletteTest':
palette_test.c:13:2: warning: implicit declaration of function 'printf' [-Wimplicit-function-declaration]
  printf("paletteTest");
  ^
palette_test.c:13:2: warning: incompatible implicit declaration of built-in function 'printf'
palette_test.c:13:2: note: include '<stdio.h>' or provide a declaration of 'printf'
palette_test.c:19:3: warning: implicit declaration of function 'usleep' [-Wimplicit-function-declaration]
   usleep (20000);
   ^
palette_test.c:20:23: warning: implicit declaration of function 'rand' [-Wimplicit-function-declaration]
   setColorPalette(0,  rand() % 16, rand() % 16,rand() % 16); //set color 0 to random color;
                       ^
In file included from palette_test.c:8:0:
palette_test.c: At top level:
text_mode_vga_color.h:41:41: warning: 'vga_ctrl' defined but not used [-Wunused-variable]
 static volatile struct TEXT_VGA_STRUCT* vga_ctrl = 0x08000000;
                                         ^
text_mode_vga_color.h:44:21: warning: 'colors' defined but not used [-Wunused-variable]
 static struct COLOR colors[]={
                     ^
Info: Linking lab9_app.elf
nios2-elf-g++  -T'../lab9_app_bsp//linker.x' -msys-crt0='../lab9_app_bsp//obj/HAL/src/crt0.o' -msys-lib=hal_bsp -L../lab9_app_bsp/   -Wl,-Map=lab9_app.map   -O0 -g -Wall   -mno-hw-div -mno-hw-mul -mno-hw-mulx -mgpopt=global  -o lab9_app.elf obj/default/main.o obj/default/palette_test.o obj/default/text_mode_vga_color.o -lm -msys-lib=m
nios2-elf-insert lab9_app.elf --thread_model hal --cpu_name nios2_gen2_0 --qsys true --simulation_enabled false --id 0 --sidp 0x4098 --timestamp 1714114704 --stderr_dev jtag_uart_0 --stdin_dev jtag_uart_0 --stdout_dev jtag_uart_0 --sopc_system_name lab9_soc --quartus_project_dir "C:/Users/kangx/Documents/_Project/ECE_385_sp24/lab9" --jdi ../..//output_files/lab9.jdi --sopcinfo C:/Users/kangx/Documents/_Project/ECE_385_sp24/lab9/software/lab9_app_bsp/../../lab9_soc.sopcinfo
Info: (lab9_app.elf) 87 KBytes program size (code + initialized data).
Info:                130976 KBytes free for stack + heap.
Info: Creating lab9_app.objdump
nios2-elf-objdump --disassemble --syms --all-header --source lab9_app.elf >lab9_app.objdump
[lab9_app build complete]

15:18:09 Build Finished (took 1s.705ms)

