Flow report for lab2
Sun Jan 28 12:50:34 2024
Quartus Prime Version 18.1.0 Build 625 09/12/2018 SJ Standard Edition


---------------------
; Table of Contents ;
---------------------
  1. Legal Notice
  2. Flow Summary
  3. Flow Settings
  4. Flow Non-Default Global Settings
  5. Flow Elapsed Time
  6. Flow OS Summary
  7. Flow Log
  8. Flow Messages
  9. Flow Suppressed Messages



----------------
; Legal Notice ;
----------------
Copyright (C) 2018  Intel Corporation. All rights reserved.
Your use of Intel Corporation's design tools, logic functions 
and other software and tools, and its AMPP partner logic 
functions, and any output files from any of the foregoing 
(including device programming or simulation files), and any 
associated documentation or information are expressly subject 
to the terms and conditions of the Intel Program License 
Subscription Agreement, the Intel Quartus Prime License Agreement,
the Intel FPGA IP License Agreement, or other applicable license
agreement, including, without limitation, that your use is for
the sole purpose of programming logic devices manufactured by
Intel and sold by Intel or its authorized distributors.  Please
refer to the applicable agreement for further details.



+--------------------------------------------------------------------------------------+
; Flow Summary                                                                         ;
+------------------------------------+-------------------------------------------------+
; Flow Status                        ; Successful - Sun Jan 28 12:50:34 2024           ;
; Quartus Prime Version              ; 18.1.0 Build 625 09/12/2018 SJ Standard Edition ;
; Revision Name                      ; lab2                                            ;
; Top-level Entity Name              ; Lab2                                            ;
; Family                             ; Cyclone IV E                                    ;
; Device                             ; EP4CE115F29C7                                   ;
; Timing Models                      ; Final                                           ;
; Total logic elements               ; 25 / 114,480 ( < 1 % )                          ;
;     Total combinational functions  ; 17 / 114,480 ( < 1 % )                          ;
;     Dedicated logic registers      ; 14 / 114,480 ( < 1 % )                          ;
; Total registers                    ; 14                                              ;
; Total pins                         ; 26 / 529 ( 5 % )                                ;
; Total virtual pins                 ; 0                                               ;
; Total memory bits                  ; 0 / 3,981,312 ( 0 % )                           ;
; Embedded Multiplier 9-bit elements ; 0 / 532 ( 0 % )                                 ;
; Total PLLs                         ; 0 / 4 ( 0 % )                                   ;
+------------------------------------+-------------------------------------------------+


+-----------------------------------------+
; Flow Settings                           ;
+-------------------+---------------------+
; Option            ; Setting             ;
+-------------------+---------------------+
; Start date & time ; 01/26/2024 17:59:30 ;
; Main task         ; Compilation         ;
; Revision Name     ; lab2                ;
+-------------------+---------------------+


+-------------------------------------------------------------------------------------------------------------------------+
; Flow Non-Default Global Settings                                                                                        ;
+-------------------------------------+----------------------------------------+---------------+-------------+------------+
; Assignment Name                     ; Value                                  ; Default Value ; Entity Name ; Section Id ;
+-------------------------------------+----------------------------------------+---------------+-------------+------------+
; COMPILER_SIGNATURE_ID               ; 277302801946831.170626317029684        ; --            ; --          ; --         ;
; MAX_CORE_JUNCTION_TEMP              ; 85                                     ; --            ; --          ; --         ;
; MIN_CORE_JUNCTION_TEMP              ; 0                                      ; --            ; --          ; --         ;
; NOMINAL_CORE_SUPPLY_VOLTAGE         ; 1.2V                                   ; --            ; --          ; --         ;
; PARTITION_COLOR                     ; -- (Not supported for targeted family) ; --            ; Lab2        ; Top        ;
; PARTITION_FITTER_PRESERVATION_LEVEL ; -- (Not supported for targeted family) ; --            ; Lab2        ; Top        ;
; PARTITION_NETLIST_TYPE              ; -- (Not supported for targeted family) ; --            ; Lab2        ; Top        ;
; POWER_BOARD_THERMAL_MODEL           ; None (CONSERVATIVE)                    ; --            ; --          ; --         ;
; POWER_PRESET_COOLING_SOLUTION       ; 23 MM HEAT SINK WITH 200 LFPM AIRFLOW  ; --            ; --          ; --         ;
; PROJECT_OUTPUT_DIRECTORY            ; output_files                           ; --            ; --          ; --         ;
+-------------------------------------+----------------------------------------+---------------+-------------+------------+


+--------------------------------------------------------------------------------------------------------------------------+
; Flow Elapsed Time                                                                                                        ;
+----------------------+--------------+-------------------------+---------------------+------------------------------------+
; Module Name          ; Elapsed Time ; Average Processors Used ; Peak Virtual Memory ; Total CPU Time (on all processors) ;
+----------------------+--------------+-------------------------+---------------------+------------------------------------+
; Analysis & Synthesis ; 00:00:16     ; 1.0                     ; 4840 MB             ; 00:00:11                           ;
; Fitter               ; 00:00:23     ; 1.0                     ; 6744 MB             ; 00:00:15                           ;
; Assembler            ; 00:00:01     ; 1.0                     ; 4659 MB             ; 00:00:01                           ;
; Timing Analyzer      ; 00:00:03     ; 1.1                     ; 4955 MB             ; 00:00:01                           ;
; EDA Netlist Writer   ; 00:00:01     ; 1.0                     ; 4633 MB             ; 00:00:01                           ;
; EDA Netlist Writer   ; 00:00:01     ; 1.0                     ; 4641 MB             ; 00:00:01                           ;
; EDA Netlist Writer   ; 00:00:01     ; 1.0                     ; 4633 MB             ; 00:00:01                           ;
; EDA Netlist Writer   ; 00:00:02     ; 1.0                     ; 4641 MB             ; 00:00:01                           ;
; EDA Netlist Writer   ; 00:00:00     ; 1.0                     ; 4633 MB             ; 00:00:01                           ;
; EDA Netlist Writer   ; 00:00:01     ; 1.0                     ; 4641 MB             ; 00:00:01                           ;
; Total                ; 00:00:49     ; --                      ; --                  ; 00:00:34                           ;
+----------------------+--------------+-------------------------+---------------------+------------------------------------+


+------------------------------------------------------------------------------------+
; Flow OS Summary                                                                    ;
+----------------------+------------------+------------+------------+----------------+
; Module Name          ; Machine Hostname ; OS Name    ; OS Version ; Processor type ;
+----------------------+------------------+------------+------------+----------------+
; Analysis & Synthesis ; Laptop-Stray-1   ; Windows 10 ; 10.0       ; x86_64         ;
; Fitter               ; Laptop-Stray-1   ; Windows 10 ; 10.0       ; x86_64         ;
; Assembler            ; Laptop-Stray-1   ; Windows 10 ; 10.0       ; x86_64         ;
; Timing Analyzer      ; Laptop-Stray-1   ; Windows 10 ; 10.0       ; x86_64         ;
; EDA Netlist Writer   ; Laptop-Stray-1   ; Windows 10 ; 10.0       ; x86_64         ;
; EDA Netlist Writer   ; Laptop-Stray-1   ; Windows 10 ; 10.0       ; x86_64         ;
; EDA Netlist Writer   ; Laptop-Stray-1   ; Windows 10 ; 10.0       ; x86_64         ;
; EDA Netlist Writer   ; Laptop-Stray-1   ; Windows 10 ; 10.0       ; x86_64         ;
; EDA Netlist Writer   ; Laptop-Stray-1   ; Windows 10 ; 10.0       ; x86_64         ;
; EDA Netlist Writer   ; Laptop-Stray-1   ; Windows 10 ; 10.0       ; x86_64         ;
+----------------------+------------------+------------+------------+----------------+


------------
; Flow Log ;
------------
quartus_map --read_settings_files=on --write_settings_files=off lab2 -c lab2
quartus_fit --read_settings_files=off --write_settings_files=off lab2 -c lab2
quartus_asm --read_settings_files=off --write_settings_files=off lab2 -c lab2
quartus_sta lab2 -c lab2
quartus_eda --gen_testbench --tool=modelsim_oem --format=verilog --write_settings_files=off lab2 -c lab2 --vector_source=C:/Users/kangx/Documents/_Project/ECE_385_sp24/lab2/Waveform2.vwf --testbench_file=C:/Users/kangx/Documents/_Project/ECE_385_sp24/lab2/simulation/qsim/Waveform2.vwf.vt
quartus_eda --write_settings_files=off --simulation=on --functional=on --flatten_buses=off --tool=modelsim_oem --format=verilog --output_directory=C:/Users/kangx/Documents/_Project/ECE_385_sp24/lab2/simulation/qsim/ lab2 -c lab2
quartus_eda --gen_testbench --tool=modelsim_oem --format=verilog --write_settings_files=off lab2 -c lab2 --vector_source=C:/Users/kangx/Documents/_Project/ECE_385_sp24/lab2/Waveform2.vwf --testbench_file=C:/Users/kangx/Documents/_Project/ECE_385_sp24/lab2/simulation/qsim/Waveform2.vwf.vt
quartus_eda --write_settings_files=off --simulation=on --functional=on --flatten_buses=off --tool=modelsim_oem --format=verilog --output_directory=C:/Users/kangx/Documents/_Project/ECE_385_sp24/lab2/simulation/qsim/ lab2 -c lab2
quartus_eda --gen_testbench --tool=modelsim_oem --format=verilog --write_settings_files=off lab2 -c lab2 --vector_source=C:/Users/kangx/Documents/_Project/ECE_385_sp24/lab2/Waveform3.vwf --testbench_file=C:/Users/kangx/Documents/_Project/ECE_385_sp24/lab2/simulation/qsim/Waveform3.vwf.vt
quartus_eda --write_settings_files=off --simulation=on --functional=on --flatten_buses=off --tool=modelsim_oem --format=verilog --output_directory=C:/Users/kangx/Documents/_Project/ECE_385_sp24/lab2/simulation/qsim/ lab2 -c lab2



