Analysis & Synthesis report for lab66
Fri Mar 29 11:33:15 2024
Quartus Prime Version 18.0.0 Build 614 04/24/2018 SJ Lite Edition


---------------------
; Table of Contents ;
---------------------
  1. Legal Notice
  2. Analysis & Synthesis Summary
  3. Analysis & Synthesis Settings
  4. Parallel Compilation
  5. Analysis & Synthesis Messages



----------------
; Legal Notice ;
----------------
Copyright (C) 2018  Intel Corporation. All rights reserved.
Your use of Intel Corporation's design tools, logic functions 
and other software and tools, and its AMPP partner logic 
functions, and any output files from any of the foregoing 
(including device programming or simulation files), and any 
associated documentation or information are expressly subject 
to the terms and conditions of the Intel Program License 
Subscription Agreement, the Intel Quartus Prime License Agreement,
the Intel FPGA IP License Agreement, or other applicable license
agreement, including, without limitation, that your use is for
the sole purpose of programming logic devices manufactured by
Intel and sold by Intel or its authorized distributors.  Please
refer to the applicable agreement for further details.



+----------------------------------------------------------------------------------+
; Analysis & Synthesis Summary                                                     ;
+------------------------------------+---------------------------------------------+
; Analysis & Synthesis Status        ; Failed - Fri Mar 29 11:33:15 2024           ;
; Quartus Prime Version              ; 18.0.0 Build 614 04/24/2018 SJ Lite Edition ;
; Revision Name                      ; lab66                                       ;
; Top-level Entity Name              ; lab6_toplevel                               ;
; Family                             ; Cyclone IV E                                ;
; Total logic elements               ; N/A until Partition Merge                   ;
;     Total combinational functions  ; N/A until Partition Merge                   ;
;     Dedicated logic registers      ; N/A until Partition Merge                   ;
; Total registers                    ; N/A until Partition Merge                   ;
; Total pins                         ; N/A until Partition Merge                   ;
; Total virtual pins                 ; N/A until Partition Merge                   ;
; Total memory bits                  ; N/A until Partition Merge                   ;
; Embedded Multiplier 9-bit elements ; N/A until Partition Merge                   ;
; Total PLLs                         ; N/A until Partition Merge                   ;
+------------------------------------+---------------------------------------------+


+------------------------------------------------------------------------------------------------------------+
; Analysis & Synthesis Settings                                                                              ;
+------------------------------------------------------------------+--------------------+--------------------+
; Option                                                           ; Setting            ; Default Value      ;
+------------------------------------------------------------------+--------------------+--------------------+
; Device                                                           ; EP4CE115F29C7      ;                    ;
; Top-level entity name                                            ; lab6_toplevel      ; lab66              ;
; Family name                                                      ; Cyclone IV E       ; Cyclone V          ;
; Use smart compilation                                            ; Off                ; Off                ;
; Enable parallel Assembler and Timing Analyzer during compilation ; On                 ; On                 ;
; Enable compact report table                                      ; Off                ; Off                ;
; Restructure Multiplexers                                         ; Auto               ; Auto               ;
; Create Debugging Nodes for IP Cores                              ; Off                ; Off                ;
; Preserve fewer node names                                        ; On                 ; On                 ;
; Intel FPGA IP Evaluation Mode                                    ; Enable             ; Enable             ;
; Verilog Version                                                  ; Verilog_2001       ; Verilog_2001       ;
; VHDL Version                                                     ; VHDL_1993          ; VHDL_1993          ;
; State Machine Processing                                         ; Auto               ; Auto               ;
; Safe State Machine                                               ; Off                ; Off                ;
; Extract Verilog State Machines                                   ; On                 ; On                 ;
; Extract VHDL State Machines                                      ; On                 ; On                 ;
; Ignore Verilog initial constructs                                ; Off                ; Off                ;
; Iteration limit for constant Verilog loops                       ; 5000               ; 5000               ;
; Iteration limit for non-constant Verilog loops                   ; 250                ; 250                ;
; Add Pass-Through Logic to Inferred RAMs                          ; On                 ; On                 ;
; Infer RAMs from Raw Logic                                        ; On                 ; On                 ;
; Parallel Synthesis                                               ; On                 ; On                 ;
; DSP Block Balancing                                              ; Auto               ; Auto               ;
; NOT Gate Push-Back                                               ; On                 ; On                 ;
; Power-Up Don't Care                                              ; On                 ; On                 ;
; Remove Redundant Logic Cells                                     ; Off                ; Off                ;
; Remove Duplicate Registers                                       ; On                 ; On                 ;
; Ignore CARRY Buffers                                             ; Off                ; Off                ;
; Ignore CASCADE Buffers                                           ; Off                ; Off                ;
; Ignore GLOBAL Buffers                                            ; Off                ; Off                ;
; Ignore ROW GLOBAL Buffers                                        ; Off                ; Off                ;
; Ignore LCELL Buffers                                             ; Off                ; Off                ;
; Ignore SOFT Buffers                                              ; On                 ; On                 ;
; Limit AHDL Integers to 32 Bits                                   ; Off                ; Off                ;
; Optimization Technique                                           ; Balanced           ; Balanced           ;
; Carry Chain Length                                               ; 70                 ; 70                 ;
; Auto Carry Chains                                                ; On                 ; On                 ;
; Auto Open-Drain Pins                                             ; On                 ; On                 ;
; Perform WYSIWYG Primitive Resynthesis                            ; Off                ; Off                ;
; Auto ROM Replacement                                             ; On                 ; On                 ;
; Auto RAM Replacement                                             ; On                 ; On                 ;
; Auto DSP Block Replacement                                       ; On                 ; On                 ;
; Auto Shift Register Replacement                                  ; Auto               ; Auto               ;
; Allow Shift Register Merging across Hierarchies                  ; Auto               ; Auto               ;
; Auto Clock Enable Replacement                                    ; On                 ; On                 ;
; Strict RAM Replacement                                           ; Off                ; Off                ;
; Allow Synchronous Control Signals                                ; On                 ; On                 ;
; Force Use of Synchronous Clear Signals                           ; Off                ; Off                ;
; Auto RAM Block Balancing                                         ; On                 ; On                 ;
; Auto RAM to Logic Cell Conversion                                ; Off                ; Off                ;
; Auto Resource Sharing                                            ; Off                ; Off                ;
; Allow Any RAM Size For Recognition                               ; Off                ; Off                ;
; Allow Any ROM Size For Recognition                               ; Off                ; Off                ;
; Allow Any Shift Register Size For Recognition                    ; Off                ; Off                ;
; Use LogicLock Constraints during Resource Balancing              ; On                 ; On                 ;
; Ignore translate_off and synthesis_off directives                ; Off                ; Off                ;
; Timing-Driven Synthesis                                          ; On                 ; On                 ;
; Report Parameter Settings                                        ; On                 ; On                 ;
; Report Source Assignments                                        ; On                 ; On                 ;
; Report Connectivity Checks                                       ; On                 ; On                 ;
; Ignore Maximum Fan-Out Assignments                               ; Off                ; Off                ;
; Synchronization Register Chain Length                            ; 2                  ; 2                  ;
; Power Optimization During Synthesis                              ; Normal compilation ; Normal compilation ;
; HDL message level                                                ; Level2             ; Level2             ;
; Suppress Register Optimization Related Messages                  ; Off                ; Off                ;
; Number of Removed Registers Reported in Synthesis Report         ; 5000               ; 5000               ;
; Number of Swept Nodes Reported in Synthesis Report               ; 5000               ; 5000               ;
; Number of Inverted Registers Reported in Synthesis Report        ; 100                ; 100                ;
; Clock MUX Protection                                             ; On                 ; On                 ;
; Auto Gated Clock Conversion                                      ; Off                ; Off                ;
; Block Design Naming                                              ; Auto               ; Auto               ;
; SDC constraint protection                                        ; Off                ; Off                ;
; Synthesis Effort                                                 ; Auto               ; Auto               ;
; Shift Register Replacement - Allow Asynchronous Clear Signal     ; On                 ; On                 ;
; Pre-Mapping Resynthesis Optimization                             ; Off                ; Off                ;
; Analysis & Synthesis Message Level                               ; Medium             ; Medium             ;
; Disable Register Merging Across Hierarchies                      ; Auto               ; Auto               ;
; Resource Aware Inference For Block RAM                           ; On                 ; On                 ;
+------------------------------------------------------------------+--------------------+--------------------+


+------------------------------------------+
; Parallel Compilation                     ;
+----------------------------+-------------+
; Processors                 ; Number      ;
+----------------------------+-------------+
; Number detected on machine ; 16          ;
; Maximum allowed            ; 12          ;
;                            ;             ;
; Average used               ; 1.00        ;
; Maximum used               ; 1           ;
;                            ;             ;
; Usage by Processor         ; % Time Used ;
;     Processor 1            ; 100.0%      ;
+----------------------------+-------------+


+-------------------------------+
; Analysis & Synthesis Messages ;
+-------------------------------+
Info: *******************************************************************
Info: Running Quartus Prime Analysis & Synthesis
    Info: Version 18.0.0 Build 614 04/24/2018 SJ Lite Edition
    Info: Processing started: Fri Mar 29 11:33:07 2024
Info: Command: quartus_map --read_settings_files=on --write_settings_files=off lab66 -c lab66
Warning (18236): Number of processors has not been specified which may cause overloading on shared machines.  Set the global assignment NUM_PARALLEL_PROCESSORS in your QSF to an appropriate value for best performance.
Info (20030): Parallel compilation is enabled and will use 12 of the 12 processors detected
Warning (12019): Can't analyze file -- file lab6/control.sv is missing
Info (12021): Found 3 design units, including 3 entities, in source file lab6/utils.sv
    Info (12023): Found entity 1: logic_ben File: C:/Users/emmal/Desktop/ECE385/lab6/utils.sv Line: 1
    Info (12023): Found entity 2: logic_nzp File: C:/Users/emmal/Desktop/ECE385/lab6/utils.sv Line: 20
    Info (12023): Found entity 3: FullAdder16bit File: C:/Users/emmal/Desktop/ECE385/lab6/utils.sv Line: 36
Info (12021): Found 1 design units, including 1 entities, in source file lab6/tristate.sv
    Info (12023): Found entity 1: tristate File: C:/Users/emmal/Desktop/ECE385/lab6/tristate.sv Line: 16
Info (12021): Found 1 design units, including 1 entities, in source file lab6/testbench_week2(2).sv
    Info (12023): Found entity 1: testbench_week2 File: C:/Users/emmal/Desktop/ECE385/lab6/testbench_week2(2).sv Line: 43
Info (12021): Found 1 design units, including 1 entities, in source file lab6/testbench_week1(1).sv
    Info (12023): Found entity 1: testbench_week1 File: C:/Users/emmal/Desktop/ECE385/lab6/testbench_week1(1).sv Line: 10
Info (12021): Found 1 design units, including 1 entities, in source file lab6/test_memory.sv
    Info (12023): Found entity 1: test_memory File: C:/Users/emmal/Desktop/ECE385/lab6/test_memory.sv Line: 22
Info (12021): Found 1 design units, including 0 entities, in source file lab6/slc3_2.sv
    Info (12022): Found design unit 1: SLC3_2 (SystemVerilog) File: C:/Users/emmal/Desktop/ECE385/lab6/SLC3_2.sv Line: 24
Info (12021): Found 1 design units, including 1 entities, in source file lab6/slc3.sv
    Info (12023): Found entity 1: slc3 File: C:/Users/emmal/Desktop/ECE385/lab6/slc3.sv Line: 19
Info (12021): Found 2 design units, including 2 entities, in source file lab6/registers.sv
    Info (12023): Found entity 1: Reg File: C:/Users/emmal/Desktop/ECE385/lab6/registers.sv Line: 4
    Info (12023): Found entity 2: RegFile File: C:/Users/emmal/Desktop/ECE385/lab6/registers.sv Line: 21
Info (12021): Found 9 design units, including 9 entities, in source file lab6/mux.sv
    Info (12023): Found entity 1: PC_mux File: C:/Users/emmal/Desktop/ECE385/lab6/MUX.sv Line: 1
    Info (12023): Found entity 2: MDR_mux File: C:/Users/emmal/Desktop/ECE385/lab6/MUX.sv Line: 23
    Info (12023): Found entity 3: bus_mux File: C:/Users/emmal/Desktop/ECE385/lab6/MUX.sv Line: 39
    Info (12023): Found entity 4: addr1_mux File: C:/Users/emmal/Desktop/ECE385/lab6/MUX.sv Line: 62
    Info (12023): Found entity 5: addr2_mux File: C:/Users/emmal/Desktop/ECE385/lab6/MUX.sv Line: 79
    Info (12023): Found entity 6: SR1_mux File: C:/Users/emmal/Desktop/ECE385/lab6/MUX.sv Line: 97
    Info (12023): Found entity 7: SR2_mux File: C:/Users/emmal/Desktop/ECE385/lab6/MUX.sv Line: 114
    Info (12023): Found entity 8: DR_mux File: C:/Users/emmal/Desktop/ECE385/lab6/MUX.sv Line: 130
    Info (12023): Found entity 9: ALU File: C:/Users/emmal/Desktop/ECE385/lab6/MUX.sv Line: 146
Info (12021): Found 1 design units, including 1 entities, in source file lab6/memory_contents.sv
    Info (12023): Found entity 1: memory_parser File: C:/Users/emmal/Desktop/ECE385/lab6/memory_contents.sv Line: 16
Info (12021): Found 1 design units, including 1 entities, in source file lab6/mem2io.sv
    Info (12023): Found entity 1: Mem2IO File: C:/Users/emmal/Desktop/ECE385/lab6/Mem2IO.sv Line: 16
Info (12021): Found 1 design units, including 1 entities, in source file lab6/lab6_toplevel.sv
    Info (12023): Found entity 1: lab6_toplevel File: C:/Users/emmal/Desktop/ECE385/lab6/lab6_toplevel.sv Line: 10
Info (12021): Found 1 design units, including 1 entities, in source file lab6/isdu.sv
    Info (12023): Found entity 1: ISDU File: C:/Users/emmal/Desktop/ECE385/lab6/ISDU.sv Line: 19
Info (12021): Found 1 design units, including 1 entities, in source file lab6/hexdriver.sv
    Info (12023): Found entity 1: HexDriver File: C:/Users/emmal/Desktop/ECE385/lab6/HexDriver.sv Line: 1
Info (12021): Found 1 design units, including 1 entities, in source file lab6/datapath.sv
    Info (12023): Found entity 1: datapath File: C:/Users/emmal/Desktop/ECE385/lab6/datapath.sv Line: 1
Warning (10236): Verilog HDL Implicit Net warning at utils.sv(45): created implicit net for "cout" File: C:/Users/emmal/Desktop/ECE385/lab6/utils.sv Line: 45
Error (10161): Verilog HDL error at ISDU.sv(162): object "S_22" is not declared. Verify the object name is correct. If the name is correct, declare the object. File: C:/Users/emmal/Desktop/ECE385/lab6/ISDU.sv Line: 162
Error (10161): Verilog HDL error at ISDU.sv(164): object "S_22" is not declared. Verify the object name is correct. If the name is correct, declare the object. File: C:/Users/emmal/Desktop/ECE385/lab6/ISDU.sv Line: 164
Error (10161): Verilog HDL error at ISDU.sv(237): object "S_22" is not declared. Verify the object name is correct. If the name is correct, declare the object. File: C:/Users/emmal/Desktop/ECE385/lab6/ISDU.sv Line: 237
Error: Quartus Prime Analysis & Synthesis was unsuccessful. 3 errors, 3 warnings
    Error: Peak virtual memory: 4708 megabytes
    Error: Processing ended: Fri Mar 29 11:33:15 2024
    Error: Elapsed time: 00:00:08
    Error: Total CPU time (on all processors): 00:00:21


